[stai-train] variant=kernel
             args={'data': 'datasets/ev_battery_qc_train.csv', 'variant': 'kernel', 'out': 'models/kernel_rbf_C300_g005_ovo.pkl', 'C': 300.0, 'kernel': 'rbf', 'gamma': '0.05', 'degree': 3, 'coef0': 1.0, 'val_ratio': 0.2, 'seed': 42, 'class_weight': 'balanced', 'tol': 1e-05, 'max_train_samples': 0, 'qp_verbose': True, 'multiclass': 'ovo'}
  loaded 13565 rows × 6 features
  classes (4):
    [0] Critical Resistance             n=81  (0.60%)
    [1] High Internal Resistance        n=1924  (14.18%)
    [2] None                            n=11206  (82.61%)
    [3] Poor Retention                  n=354  (2.61%)
  split: train=10852, val=2713

  ┌─ OvO [1/6] pair=(class 0 vs class 1)
  │  n_i=65, n_j=1539, total=1604, weight=balanced (w_pos=12.34, w_neg=0.52)
  │  elapsed=0s
  │  cvxopt QP solving... (silent unless qp_verbose=True)
     pcost       dcost       gap    pres   dres
 0:  1.4934e+07 -1.1846e+09  1e+10  1e+00  2e-12
 1:  1.3491e+07 -6.9776e+08  1e+09  7e-02  2e-11
 2:  1.3114e+07 -2.5867e+08  4e+08  2e-02  5e-12
 3:  1.1799e+07 -1.1410e+08  1e+08  7e-03  2e-12
 4:  7.7616e+06 -6.8253e+07  9e+07  4e-03  2e-12
 5:  8.9961e+06 -6.1533e+07  8e+07  2e-03  1e-12
 6:  3.3595e+06 -1.8544e+07  2e+07  7e-04  1e-12
 7:  3.2817e+06 -1.7110e+07  2e+07  5e-04  1e-12
 8:  9.1010e+05 -3.6174e+06  5e+06  1e-04  1e-12
 9:  3.6827e+05 -1.4725e+06  2e+06  3e-05  7e-13
10:  1.2312e+05 -4.7307e+05  6e+05  5e-06  5e-13
11:  5.9292e+04 -2.4874e+05  3e+05  6e-07  2e-13
12:  2.6689e+04 -1.1671e+05  1e+05  2e-07  2e-13
13:  1.3309e+04 -6.2456e+04  8e+04  5e-08  1e-13
14:  4.8020e+03 -2.4706e+04  3e+04  9e-09  1e-13
15:  1.5731e+03 -1.1509e+04  1e+04  6e-10  1e-13
16:  2.3054e+02 -6.5909e+03  7e+03  4e-11  1e-13
17: -3.3680e+02 -4.8074e+03  4e+03  2e-11  1e-13
18: -9.9226e+02 -2.6450e+03  2e+03  5e-12  1e-13
19: -1.2654e+03 -1.8850e+03  6e+02  7e-13  2e-13
20: -1.3908e+03 -1.5826e+03  2e+02  6e-13  2e-13
21: -1.4281e+03 -1.5124e+03  8e+01  7e-13  2e-13
22: -1.4311e+03 -1.5092e+03  8e+01  8e-13  2e-13
23: -1.4559e+03 -1.4717e+03  2e+01  3e-13  2e-13
24: -1.4629e+03 -1.4632e+03  4e-01  3e-13  2e-13
25: -1.4630e+03 -1.4630e+03  4e-03  2e-13  2e-13
26: -1.4630e+03 -1.4630e+03  4e-05  8e-14  2e-13
27: -1.4630e+03 -1.4630e+03  4e-07  2e-14  2e-13
Optimal solution found.
  │  done in 1.0s
  │  #SV=31
  └─ b=-1.4054

  ┌─ OvO [2/6] pair=(class 0 vs class 2)
  │  n_i=65, n_j=8965, total=9030, weight=balanced (w_pos=69.46, w_neg=0.50)
  │  elapsed=1s, ETA=5s
  │  cvxopt QP solving... (silent unless qp_verbose=True)
     pcost       dcost       gap    pres   dres
 0:  2.6258e+08 -3.1063e+10  3e+11  6e-01  4e-12
 1:  1.5177e+08 -2.0898e+10  3e+10  1e-02  2e-10
 2:  1.8130e+08 -1.0352e+10  1e+10  6e-03  1e-10
 3:  2.8790e+08 -7.7961e+09  1e+10  4e-03  7e-11
 4:  1.5307e+08 -1.0724e+09  1e+09  4e-04  1e-11
 5:  3.0619e+07 -5.0930e+07  8e+07  1e-05  2e-11
 6:  4.4414e+06 -4.7770e+06  9e+06  5e-12  1e-11
 7:  6.3680e+05 -7.0735e+05  1e+06  2e-12  5e-12
 8:  9.1026e+04 -1.0102e+05  2e+05  7e-13  2e-12
 9:  1.2949e+04 -1.4565e+04  3e+04  4e-13  7e-13
10:  1.8185e+03 -2.1232e+03  4e+03  1e-14  3e-13
11:  2.4593e+02 -3.1857e+02  6e+02  5e-14  1e-13
12:  2.9065e+01 -5.1510e+01  8e+01  2e-15  4e-14
13:  1.1531e+00 -1.0081e+01  1e+01  1e-15  1e-14
14: -1.0168e+00 -5.6850e+00  5e+00  2e-15  6e-15
15: -1.1971e+00 -5.9057e+00  5e+00  2e-16  6e-15
16: -1.8737e+00 -4.1247e+00  2e+00  2e-15  3e-15
17: -2.0278e+00 -4.3632e+00  2e+00  1e-15  3e-15
18: -2.3113e+00 -3.9808e+00  2e+00  2e-16  1e-15
19: -2.3922e+00 -4.0817e+00  2e+00  4e-16  1e-15
20: -2.6243e+00 -3.8103e+00  1e+00  3e-15  9e-16
21: -2.6501e+00 -3.8092e+00  1e+00  2e-15  9e-16
22: -2.8001e+00 -3.5232e+00  7e-01  8e-16  8e-16
23: -2.8133e+00 -3.5019e+00  7e-01  8e-16  8e-16
24: -2.9517e+00 -3.2529e+00  3e-01  8e-16  9e-16
25: -2.9521e+00 -3.2507e+00  3e-01  5e-16  8e-16
26: -3.0081e+00 -3.1539e+00  1e-01  1e-15  8e-16
27: -3.0141e+00 -3.1273e+00  1e-01  2e-15  8e-16
28: -3.0454e+00 -3.0866e+00  4e-02  1e-15  9e-16
29: -3.0525e+00 -3.0778e+00  3e-02  1e-15  9e-16
30: -3.0641e+00 -3.0656e+00  1e-03  9e-16  1e-15
31: -3.0648e+00 -3.0648e+00  2e-05  2e-15  1e-15
32: -3.0648e+00 -3.0648e+00  2e-07  2e-15  1e-15
33: -3.0648e+00 -3.0648e+00  2e-09  3e-16  1e-15
Optimal solution found.
  │  done in 115.0s
  │  #SV=29
  └─ b=-0.2900

  ┌─ OvO [3/6] pair=(class 0 vs class 3)
  │  n_i=65, n_j=283, total=348, weight=balanced (w_pos=2.68, w_neg=0.61)
  │  elapsed=116s, ETA=232s
  │  cvxopt QP solving... (silent unless qp_verbose=True)
     pcost       dcost       gap    pres   dres
 0:  4.1311e+05 -3.6969e+07  5e+07  1e-01  1e-13
 1:  4.8595e+05 -4.3488e+06  6e+06  1e-02  8e-13
 2:  1.1712e+05 -1.7383e+05  3e+05  2e-04  2e-13
 3:  1.6984e+04 -1.8697e+04  4e+04  3e-14  1e-13
 4:  2.3936e+03 -2.7880e+03  5e+03  4e-14  6e-14
 5:  3.2621e+02 -4.1448e+02  7e+02  1e-15  2e-14
 6:  3.9737e+01 -6.6079e+01  1e+02  2e-16  8e-15
 7:  2.3550e+00 -1.2485e+01  1e+01  2e-16  3e-15
 8: -1.7550e+00 -3.5666e+00  2e+00  3e-16  1e-15
 9: -2.1753e+00 -3.2924e+00  1e+00  4e-16  3e-16
10: -2.4584e+00 -3.0698e+00  6e-01  3e-16  3e-16
11: -2.5913e+00 -2.7649e+00  2e-01  5e-16  3e-16
12: -2.6320e+00 -2.6782e+00  5e-02  2e-16  3e-16
13: -2.6514e+00 -2.6524e+00  1e-03  1e-15  3e-16
14: -2.6518e+00 -2.6519e+00  1e-05  1e-15  3e-16
15: -2.6519e+00 -2.6519e+00  1e-07  5e-16  3e-16
16: -2.6519e+00 -2.6519e+00  1e-09  4e-16  3e-16
Optimal solution found.
  │  done in 0.0s
  │  #SV=22
  └─ b=-0.1204

  ┌─ OvO [4/6] pair=(class 1 vs class 2)
  │  n_i=1539, n_j=8965, total=10504, weight=balanced (w_pos=3.41, w_neg=0.59)
  │  elapsed=116s, ETA=116s
  │  cvxopt QP solving... (silent unless qp_verbose=True)
     pcost       dcost       gap    pres   dres
 0:  1.3612e+07 -2.4718e+09  1e+10  1e+00  7e-12
 1:  2.0043e+07 -9.8723e+08  1e+09  8e-02  7e-12
 2:  1.6450e+07 -4.9485e+08  7e+08  4e-02  5e-12
 3:  1.4369e+07 -3.0571e+08  4e+08  2e-02  4e-12
 4:  9.1691e+06 -7.6000e+07  1e+08  5e-03  4e-12
 5:  4.9640e+06 -2.1702e+07  3e+07  5e-04  3e-12
 6:  1.3683e+06 -4.4033e+06  6e+06  6e-05  3e-12
 7:  3.3978e+05 -9.9598e+05  1e+06  5e-06  2e-12
 8:  1.2480e+05 -3.9975e+05  5e+05  2e-06  2e-12
 9:  9.3434e+04 -3.2197e+05  4e+05  1e-06  1e-12
10:  4.2736e+04 -1.8097e+05  2e+05  5e-07  2e-12
11:  4.0273e+04 -1.7409e+05  2e+05  4e-07  2e-12
12:  3.5135e+04 -1.6201e+05  2e+05  3e-07  2e-12
13:  1.9414e+04 -1.1506e+05  1e+05  2e-07  2e-12
14:  1.2859e+04 -9.6490e+04  1e+05  1e-07  2e-12
15:  8.2133e+03 -8.2618e+04  9e+04  8e-08  2e-12
16:  5.7781e+03 -7.6432e+04  8e+04  6e-08  2e-12
17:  1.8213e+03 -6.4946e+04  7e+04  3e-08  2e-12
18: -1.1776e+03 -5.7530e+04  6e+04  3e-08  2e-12
19: -2.7048e+03 -5.3138e+04  5e+04  2e-08  2e-12
20: -4.8689e+03 -4.6586e+04  4e+04  1e-08  2e-12
21: -7.3592e+03 -4.0809e+04  3e+04  8e-09  2e-12
22: -8.8331e+03 -3.7211e+04  3e+04  5e-09  2e-12
23: -9.2448e+03 -3.5528e+04  3e+04  4e-09  2e-12
24: -1.2185e+04 -2.9536e+04  2e+04  2e-09  2e-12
25: -1.2136e+04 -2.9377e+04  2e+04  2e-09  2e-12
26: -1.2214e+04 -2.9443e+04  2e+04  2e-09  2e-12
27: -1.3312e+04 -2.7297e+04  1e+04  1e-09  2e-12
28: -1.4126e+04 -2.5619e+04  1e+04  8e-10  2e-12
29: -1.4309e+04 -2.4887e+04  1e+04  5e-10  2e-12
30: -1.4971e+04 -2.3459e+04  8e+03  2e-10  3e-12
31: -1.6548e+04 -2.1186e+04  5e+03  8e-11  3e-12
32: -1.7413e+04 -1.9818e+04  2e+03  8e-12  3e-12
33: -1.7433e+04 -1.9794e+04  2e+03  7e-12  3e-12
34: -1.7674e+04 -1.9508e+04  2e+03  5e-12  3e-12
35: -1.7735e+04 -1.9378e+04  2e+03  2e-12  3e-12
36: -1.8196e+04 -1.8857e+04  7e+02  1e-11  3e-12
37: -1.8448e+04 -1.8579e+04  1e+02  6e-12  3e-12
38: -1.8509e+04 -1.8512e+04  4e+00  2e-12  3e-12
39: -1.8510e+04 -1.8510e+04  4e-02  4e-12  3e-12
40: -1.8510e+04 -1.8510e+04  4e-04  1e-11  3e-12
41: -1.8510e+04 -1.8510e+04  4e-06  6e-13  3e-12
Optimal solution found.
  │  done in 147.4s
  │  #SV=133
  └─ b=+1.2539

  ┌─ OvO [5/6] pair=(class 1 vs class 3)
  │  n_i=1539, n_j=283, total=1822, weight=balanced (w_pos=0.59, w_neg=3.22)
  │  elapsed=263s, ETA=132s
  │  cvxopt QP solving... (silent unless qp_verbose=True)
     pcost       dcost       gap    pres   dres
 0:  2.9940e+06 -3.1404e+08  8e+08  4e-01  1e-12
 1:  5.7287e+06 -9.1895e+07  1e+08  5e-02  2e-12
 2:  3.9294e+06 -2.4048e+07  3e+07  9e-03  9e-13
 3:  1.6125e+06 -7.1401e+06  9e+06  2e-03  7e-13
 4:  7.1432e+05 -2.9304e+06  4e+06  5e-04  5e-13
 5:  2.9995e+05 -1.2082e+06  2e+06  5e-05  4e-13
 6:  2.4296e+05 -9.9677e+05  1e+06  4e-05  3e-13
 7:  1.0340e+05 -3.9923e+05  5e+05  1e-12  2e-13
 8:  2.9917e+04 -1.0978e+05  1e+05  3e-13  2e-13
 9:  1.0893e+04 -4.2090e+04  5e+04  1e-13  1e-13
10:  5.1108e+03 -2.2833e+04  3e+04  4e-14  1e-13
11:  1.5481e+03 -8.6920e+03  1e+04  2e-13  8e-14
12:  1.3293e+03 -8.2703e+03  1e+04  3e-13  9e-14
13:  3.0148e+02 -4.5114e+03  5e+03  2e-13  9e-14
14:  1.6027e+02 -4.3130e+03  4e+03  2e-13  1e-13
15: -2.0124e+02 -3.1400e+03  3e+03  2e-14  1e-13
16: -5.2834e+02 -2.1594e+03  2e+03  3e-14  1e-13
17: -8.2276e+02 -1.4140e+03  6e+02  5e-14  2e-13
18: -9.1348e+02 -1.2507e+03  3e+02  3e-14  2e-13
19: -9.9165e+02 -1.1153e+03  1e+02  2e-13  2e-13
20: -1.0139e+03 -1.0753e+03  6e+01  4e-14  2e-13
21: -1.0211e+03 -1.0664e+03  5e+01  2e-13  2e-13
22: -1.0382e+03 -1.0462e+03  8e+00  2e-13  2e-13
23: -1.0416e+03 -1.0422e+03  6e-01  2e-13  2e-13
24: -1.0419e+03 -1.0419e+03  8e-03  8e-14  2e-13
25: -1.0419e+03 -1.0419e+03  9e-05  2e-13  2e-13
26: -1.0419e+03 -1.0419e+03  9e-07  1e-13  2e-13
Optimal solution found.
  │  done in 1.8s
  │  #SV=29
  └─ b=+1.0613

  ┌─ OvO [6/6] pair=(class 2 vs class 3)
  │  n_i=8965, n_j=283, total=9248, weight=balanced (w_pos=0.52, w_neg=16.34)
  │  elapsed=265s, ETA=53s
  │  cvxopt QP solving... (silent unless qp_verbose=True)
     pcost       dcost       gap    pres   dres
 0:  8.9356e+07 -9.5302e+09  1e+11  2e+00  3e-11
 1:  7.2998e+07 -5.9792e+09  2e+10  2e-01  4e-11
 2:  9.0744e+07 -4.2327e+09  9e+09  1e-01  2e-11
 3:  1.1097e+08 -2.9625e+09  5e+09  6e-02  2e-11
 4:  1.1248e+08 -1.4794e+09  2e+09  2e-02  2e-11
 5:  6.4537e+07 -4.2118e+08  6e+08  5e-03  2e-11
 6:  3.8462e+07 -2.4769e+08  3e+08  7e-04  2e-11
 7:  2.0154e+07 -1.3570e+08  2e+08  1e-04  2e-11
 8:  8.6413e+06 -5.9946e+07  7e+07  2e-05  2e-11
 9:  5.4075e+06 -4.0621e+07  5e+07  8e-06  2e-11
10:  2.2812e+06 -1.7898e+07  2e+07  2e-06  2e-11
11:  2.2032e+06 -1.7786e+07  2e+07  2e-06  2e-11
12:  1.0426e+06 -9.4531e+06  1e+07  7e-07  1e-11
13:  4.0681e+05 -3.9579e+06  4e+06  1e-07  2e-11
14:  3.7709e+05 -3.8845e+06  4e+06  1e-07  1e-11
15:  2.4390e+05 -2.9732e+06  3e+06  2e-08  1e-11
16:  6.1218e+04 -1.5018e+06  2e+06  7e-09  1e-11
17:  3.5022e+04 -1.3698e+06  1e+06  5e-09  1e-11
18: -5.8842e+04 -7.0897e+05  7e+05  1e-09  1e-11
19: -8.5286e+04 -5.8754e+05  5e+05  9e-10  1e-11
20: -1.0758e+05 -4.8516e+05  4e+05  5e-10  1e-11
21: -1.2402e+05 -4.1416e+05  3e+05  4e-10  1e-11
22: -1.3914e+05 -3.5253e+05  2e+05  2e-10  1e-11
23: -1.4815e+05 -3.1979e+05  2e+05  2e-10  1e-11
24: -1.5944e+05 -2.8027e+05  1e+05  1e-10  1e-11
25: -1.6689e+05 -2.5567e+05  9e+04  6e-11  1e-11
26: -1.7199e+05 -2.4110e+05  7e+04  4e-11  1e-11
27: -1.7512e+05 -2.3232e+05  6e+04  3e-11  1e-11
28: -1.7941e+05 -2.2072e+05  4e+04  2e-11  1e-11
29: -1.8291e+05 -2.1136e+05  3e+04  3e-11  1e-11
30: -1.8444e+05 -2.0764e+05  2e+04  1e-11  1e-11
31: -1.8771e+05 -2.0114e+05  1e+04  2e-11  1e-11
32: -1.8919e+05 -1.9799e+05  9e+03  2e-11  1e-11
33: -1.9097e+05 -1.9493e+05  4e+03  3e-11  2e-11
34: -1.9184e+05 -1.9388e+05  2e+03  1e-11  2e-11
35: -1.9247e+05 -1.9318e+05  7e+02  1e-11  1e-11
36: -1.9274e+05 -1.9288e+05  1e+02  9e-12  1e-11
37: -1.9281e+05 -1.9281e+05  3e+00  7e-12  2e-11
38: -1.9281e+05 -1.9281e+05  3e-02  1e-12  2e-11
39: -1.9281e+05 -1.9281e+05  4e-04  8e-12  2e-11
Optimal solution found.
  │  done in 152.8s
  │  #SV=802
  └─ b=+5.0038

  [OvO all done] total fit time = 418.0s (avg 69.7s per pair, K=6 pairs)
  fit done in 418.0s

  train acc: 0.9612
  val   acc: 0.9495

  [val] per-class metrics:
  [val]   Critical Resistance             n=   16  recall=0.8125  precision=1.0000
  [val]   High Internal Resistance        n=  385  recall=1.0000  precision=0.9553
  [val]   None                            n= 2241  recall=0.9465  precision=0.9939
  [val]   Poor Retention                  n=   71  recall=0.8028  precision=0.3497

  [val] confusion (rows=true, cols=pred):
  [val]                          Critical R High Inter       None Poor Reten
  [val]   Critical Resistance            13          3          0          0
  [val]   High Internal Resist            0        385          0          0
  [val]   None                            0         14       2121        106
  [val]   Poor Retention                  0          1         13         57

  model saved to models/kernel_rbf_C300_g005_ovo.pkl
