[stai-train] variant=soft
             args={'data': 'datasets/ev_battery_qc_train.csv', 'variant': 'soft', 'out': 'models/soft_C100_ovo.pkl', 'C': 100.0, 'kernel': 'rbf', 'gamma': 'scale', 'degree': 3, 'coef0': 1.0, 'val_ratio': 0.2, 'seed': 42, 'class_weight': 'balanced', 'tol': 1e-05, 'max_train_samples': 0, 'qp_verbose': True, 'multiclass': 'ovo'}
  loaded 13565 rows × 6 features
  classes (4):
    [0] Critical Resistance             n=81  (0.60%)
    [1] High Internal Resistance        n=1924  (14.18%)
    [2] None                            n=11206  (82.61%)
    [3] Poor Retention                  n=354  (2.61%)
  split: train=10852, val=2713

  ┌─ OvO [1/6] pair=(class 0 vs class 1)
  │  n_i=65, n_j=1539, total=1604, weight=balanced (w_pos=12.34, w_neg=0.52)
  │  elapsed=0s
  │  cvxopt QP solving... (silent unless qp_verbose=True)
     pcost       dcost       gap    pres   dres
 0:  1.6088e+04 -1.0238e+08  9e+08  1e+00  6e-11
 1:  1.3056e+05 -6.1329e+07  1e+08  8e-02  5e-11
 2:  1.9591e+05 -1.9183e+07  3e+07  2e-02  2e-11
 3:  1.9826e+05 -9.7629e+06  1e+07  9e-03  1e-11
 4:  2.4708e+05 -8.4948e+06  1e+07  7e-03  1e-11
 5:  2.3033e+05 -4.1250e+06  6e+06  3e-03  7e-12
 6:  1.4668e+05 -7.7940e+05  1e+06  3e-04  6e-12
 7:  8.1045e+04 -4.1360e+05  5e+05  1e-04  5e-12
 8:  4.5130e+04 -2.3462e+05  3e+05  5e-05  4e-12
 9:  2.1323e+04 -1.1142e+05  1e+05  2e-05  3e-12
10:  1.8550e+04 -9.1962e+04  1e+05  1e-05  3e-12
11:  1.1641e+04 -5.8862e+04  7e+04  9e-07  3e-12
12:  7.6191e+03 -3.8094e+04  5e+04  5e-07  3e-12
13:  6.1217e+03 -3.0699e+04  4e+04  3e-07  2e-12
14:  4.4022e+03 -2.1066e+04  3e+04  2e-07  2e-12
15:  3.3411e+03 -1.6713e+04  2e+04  8e-08  2e-12
16:  1.9176e+03 -9.7867e+03  1e+04  4e-08  2e-12
17:  1.2446e+03 -7.7599e+03  9e+03  2e-08  3e-12
18:  9.9789e+02 -6.8235e+03  8e+03  2e-08  3e-12
19:  9.5412e+02 -6.2483e+03  7e+03  1e-08  2e-12
20:  7.5634e+02 -5.5686e+03  6e+03  9e-09  2e-12
21:  7.9860e+02 -5.4591e+03  6e+03  8e-09  2e-12
22:  6.5435e+02 -4.7303e+03  5e+03  6e-09  2e-12
23:  1.1726e+02 -2.5606e+03  3e+03  2e-10  3e-12
24: -6.5171e+00 -2.1269e+03  2e+03  1e-10  3e-12
25: -6.2010e+01 -2.1241e+03  2e+03  9e-11  3e-12
26: -5.3475e+01 -1.9753e+03  2e+03  7e-11  3e-12
27: -1.7894e+02 -1.7422e+03  2e+03  5e-11  3e-12
28: -2.6865e+02 -1.5156e+03  1e+03  3e-11  3e-12
29: -3.0153e+02 -1.4757e+03  1e+03  3e-11  3e-12
30: -4.0995e+02 -1.2596e+03  8e+02  7e-12  4e-12
31: -4.9852e+02 -1.0603e+03  6e+02  3e-12  3e-12
32: -5.7612e+02 -9.2065e+02  3e+02  2e-12  3e-12
33: -6.6460e+02 -7.7761e+02  1e+02  3e-13  4e-12
34: -6.6380e+02 -7.7062e+02  1e+02  5e-13  4e-12
35: -6.9763e+02 -7.2027e+02  2e+01  3e-14  4e-12
36: -7.0265e+02 -7.1481e+02  1e+01  2e-13  4e-12
37: -7.0521e+02 -7.1187e+02  7e+00  1e-13  4e-12
38: -7.0837e+02 -7.0864e+02  3e-01  3e-13  4e-12
39: -7.0850e+02 -7.0850e+02  4e-03  3e-13  5e-12
40: -7.0850e+02 -7.0850e+02  4e-05  2e-13  4e-12
41: -7.0850e+02 -7.0850e+02  4e-07  7e-14  5e-12
Optimal solution found.
  │  done in 2.0s
  │  #SV=15
  └─ b=-75.7245

  ┌─ OvO [2/6] pair=(class 0 vs class 2)
  │  n_i=65, n_j=8965, total=9030, weight=balanced (w_pos=69.46, w_neg=0.50)
  │  elapsed=2s, ETA=10s
  │  cvxopt QP solving... (silent unless qp_verbose=True)
     pcost       dcost       gap    pres   dres
 0: -1.2185e+05 -2.9066e+09  6e+10  1e+00  1e-10
 1:  1.6938e+05 -2.2365e+09  5e+09  7e-02  1e-10
 2:  5.5858e+05 -7.1534e+08  1e+09  1e-02  3e-11
 3:  8.6713e+05 -6.5771e+08  1e+09  1e-02  3e-11
 4:  1.0796e+06 -8.4664e+07  1e+08  1e-03  8e-12
 5:  7.2940e+05 -1.8130e+07  3e+07  3e-04  3e-12
 6:  9.2791e+05 -8.0071e+06  1e+07  6e-05  4e-12
 7:  2.5050e+05 -3.4960e+05  6e+05  8e-07  9e-12
 8:  3.6635e+04 -3.9721e+04  8e+04  2e-13  9e-12
 9:  5.2429e+03 -5.8153e+03  1e+04  3e-14  4e-12
10:  7.4740e+02 -8.3496e+02  2e+03  2e-15  1e-12
11:  1.0559e+02 -1.2114e+02  2e+02  3e-15  5e-13
12:  1.4542e+01 -1.7937e+01  3e+01  8e-16  2e-13
13:  1.8425e+00 -2.8023e+00  5e+00  2e-16  7e-14
14:  1.5334e-01 -5.0280e-01  7e-01  9e-16  2e-14
15: -2.9807e-02 -1.6326e-01  1e-01  1e-16  8e-15
16: -6.2621e-02 -1.8142e-01  1e-01  4e-16  4e-15
17: -8.4531e-02 -1.8656e-01  1e-01  3e-16  2e-15
18: -1.1198e-01 -1.7083e-01  6e-02  2e-16  2e-15
19: -1.3499e-01 -1.3954e-01  5e-03  5e-16  2e-15
20: -1.3631e-01 -1.3758e-01  1e-03  5e-16  2e-15
21: -1.3693e-01 -1.3694e-01  1e-05  3e-16  2e-15
22: -1.3693e-01 -1.3693e-01  1e-07  2e-16  2e-15
23: -1.3693e-01 -1.3693e-01  1e-09  3e-16  2e-15
Optimal solution found.
  │  done in 79.6s
  │  #SV=4
  └─ b=-1.9223

  ┌─ OvO [3/6] pair=(class 0 vs class 3)
  │  n_i=65, n_j=283, total=348, weight=balanced (w_pos=2.68, w_neg=0.61)
  │  elapsed=82s, ETA=163s
  │  cvxopt QP solving... (silent unless qp_verbose=True)
     pcost       dcost       gap    pres   dres
 0: -2.6484e+02 -5.5780e+06  2e+07  6e-01  2e-12
 1:  2.8188e+03 -1.3400e+06  2e+06  3e-02  2e-12
 2:  3.6997e+03 -1.5292e+05  2e+05  3e-03  5e-13
 3:  1.8768e+03 -3.4887e+03  6e+03  3e-05  1e-13
 4:  2.8745e+02 -3.1521e+02  6e+02  9e-08  1e-13
 5:  4.0395e+01 -4.7333e+01  9e+01  2e-16  6e-14
 6:  5.4546e+00 -7.0900e+00  1e+01  4e-16  2e-14
 7:  6.3938e-01 -1.1501e+00  2e+00  2e-16  8e-15
 8:  1.9366e-02 -2.2790e-01  2e-01  2e-16  3e-15
 9: -3.4773e-02 -1.3118e-01  1e-01  2e-16  1e-15
10: -4.6821e-02 -1.4518e-01  1e-01  2e-16  1e-15
11: -7.5936e-02 -1.3092e-01  5e-02  2e-16  7e-16
12: -9.9462e-02 -1.2834e-01  3e-02  2e-16  7e-16
13: -1.0943e-01 -1.1590e-01  6e-03  2e-16  7e-16
14: -1.1178e-01 -1.1293e-01  1e-03  2e-16  9e-16
15: -1.1232e-01 -1.1234e-01  2e-05  2e-16  1e-15
16: -1.1233e-01 -1.1233e-01  2e-07  2e-16  9e-16
17: -1.1233e-01 -1.1233e-01  2e-09  2e-16  1e-15
Optimal solution found.
  │  done in 0.3s
  │  #SV=5
  └─ b=-1.6501

  ┌─ OvO [4/6] pair=(class 1 vs class 2)
  │  n_i=1539, n_j=8965, total=10504, weight=balanced (w_pos=3.41, w_neg=0.59)
  │  elapsed=82s, ETA=82s
  │  cvxopt QP solving... (silent unless qp_verbose=True)
     pcost       dcost       gap    pres   dres
 0: -2.1811e+05 -2.7292e+08  1e+09  1e+00  2e-11
 1: -9.8067e+04 -1.3662e+08  2e+08  2e-01  1e-11
 2:  5.4185e+03 -3.6557e+07  6e+07  4e-02  7e-12
 3:  6.8486e+04 -1.2055e+07  2e+07  1e-02  4e-12
 4:  1.0399e+05 -4.9999e+06  8e+06  4e-03  3e-12
 5:  1.0909e+05 -1.7739e+06  3e+06  1e-03  2e-12
 6:  7.2436e+04 -4.5780e+05  6e+05  2e-04  1e-12
 7:  2.1541e+04 -7.2383e+04  1e+05  2e-05  1e-12
 8:  7.5744e+03 -3.1579e+04  4e+04  8e-06  1e-12
 9:  6.8530e+03 -3.1929e+04  4e+04  7e-06  2e-12
10:  6.3331e+03 -3.1537e+04  4e+04  7e-06  2e-12
11:  5.2470e+03 -2.9354e+04  4e+04  5e-06  2e-12
12:  3.1249e+03 -2.4860e+04  3e+04  4e-06  2e-12
13: -2.1545e+03 -1.0193e+04  8e+03  3e-07  2e-12
14: -2.9230e+03 -9.9661e+03  7e+03  2e-07  3e-12
15: -4.0615e+03 -8.3887e+03  4e+03  1e-07  3e-12
16: -4.4566e+03 -7.6744e+03  3e+03  5e-08  3e-12
17: -4.7702e+03 -7.1588e+03  2e+03  3e-08  3e-12
18: -4.8926e+03 -6.9434e+03  2e+03  2e-08  3e-12
19: -4.9870e+03 -6.7838e+03  2e+03  2e-08  3e-12
20: -5.2469e+03 -6.3266e+03  1e+03  1e-09  4e-12
21: -5.3865e+03 -6.1593e+03  8e+02  8e-10  4e-12
22: -5.6462e+03 -5.8623e+03  2e+02  1e-10  4e-12
23: -5.7322e+03 -5.7700e+03  4e+01  2e-11  4e-12
24: -5.7412e+03 -5.7603e+03  2e+01  5e-12  4e-12
25: -5.7504e+03 -5.7507e+03  3e-01  7e-13  4e-12
26: -5.7506e+03 -5.7506e+03  3e-03  9e-14  4e-12
27: -5.7506e+03 -5.7506e+03  3e-05  9e-13  4e-12
Optimal solution found.
  │  done in 106.7s
  │  #SV=79
  └─ b=-61.5159

  ┌─ OvO [5/6] pair=(class 1 vs class 3)
  │  n_i=1539, n_j=283, total=1822, weight=balanced (w_pos=0.59, w_neg=3.22)
  │  elapsed=189s, ETA=94s
  │  cvxopt QP solving... (silent unless qp_verbose=True)
     pcost       dcost       gap    pres   dres
 0: -9.5765e+03 -5.8638e+07  3e+08  2e+00  9e-12
 1:  3.6203e+04 -3.2306e+07  6e+07  2e-01  6e-12
 2:  1.2205e+05 -8.8915e+06  1e+07  4e-02  3e-12
 3:  1.3715e+05 -3.4974e+06  5e+06  2e-02  2e-12
 4:  1.3987e+05 -2.4193e+06  3e+06  1e-02  2e-12
 5:  1.3497e+05 -1.4707e+06  2e+06  5e-03  1e-12
 6:  7.9745e+04 -6.0827e+05  8e+05  2e-03  1e-12
 7:  8.6427e+04 -5.4118e+05  7e+05  1e-03  9e-13
 8:  4.9269e+04 -2.6829e+05  3e+05  5e-04  8e-13
 9:  3.6056e+04 -1.7487e+05  2e+05  1e-04  7e-13
10:  1.3692e+04 -5.3709e+04  7e+04  1e-05  6e-13
11:  4.5340e+03 -1.7750e+04  2e+04  3e-06  5e-13
12:  2.9034e+03 -1.2302e+04  2e+04  1e-06  3e-13
13:  2.7426e+03 -1.1518e+04  1e+04  9e-07  3e-13
14:  1.1953e+03 -5.6396e+03  7e+03  4e-07  2e-13
15:  1.0678e+03 -5.5991e+03  7e+03  3e-07  5e-13
16:  1.0118e+03 -5.0486e+03  6e+03  2e-07  4e-13
17:  4.3526e+02 -3.1509e+03  4e+03  1e-07  4e-13
18:  3.1149e+02 -2.7726e+03  3e+03  9e-08  5e-13
19:  2.3570e+02 -2.4373e+03  3e+03  7e-08  5e-13
20:  8.6450e+01 -2.1939e+03  2e+03  5e-08  6e-13
21:  8.0105e+01 -2.1704e+03  2e+03  5e-08  6e-13
22:  4.4100e+01 -1.9599e+03  2e+03  3e-08  6e-13
23: -3.8796e+01 -1.8296e+03  2e+03  3e-08  6e-13
24: -1.4506e+02 -1.4915e+03  1e+03  7e-09  7e-13
25: -2.7603e+02 -1.2421e+03  1e+03  4e-09  8e-13
26: -3.4883e+02 -1.1026e+03  8e+02  3e-09  8e-13
27: -4.8151e+02 -8.6409e+02  4e+02  5e-10  1e-12
28: -5.4424e+02 -7.6668e+02  2e+02  2e-10  1e-12
29: -6.1037e+02 -6.6893e+02  6e+01  5e-11  1e-12
30: -6.1523e+02 -6.6100e+02  5e+01  3e-11  1e-12
31: -6.3267e+02 -6.3758e+02  5e+00  2e-13  1e-12
32: -6.3505e+02 -6.3510e+02  5e-02  2e-13  1e-12
33: -6.3508e+02 -6.3508e+02  5e-04  5e-14  1e-12
34: -6.3508e+02 -6.3508e+02  5e-06  1e-14  1e-12
Optimal solution found.
  │  done in 2.2s
  │  #SV=13
  └─ b=-26.8888

  ┌─ OvO [6/6] pair=(class 2 vs class 3)
  │  n_i=8965, n_j=283, total=9248, weight=balanced (w_pos=0.52, w_neg=16.34)
  │  elapsed=191s, ETA=38s
  │  cvxopt QP solving... (silent unless qp_verbose=True)
     pcost       dcost       gap    pres   dres
 0: -4.0998e+05 -4.9005e+08  3e+09  7e-01  4e-11
 1: -2.6218e+05 -4.0087e+08  1e+09  3e-01  3e-11
 2: -1.9364e+05 -3.1257e+08  8e+08  2e-01  3e-11
 3: -1.0177e+05 -1.7190e+08  3e+08  5e-02  3e-11
 4: -1.0745e+05 -8.9373e+07  1e+08  2e-02  3e-11
 5: -1.6270e+05 -3.2593e+07  4e+07  4e-03  3e-11
 6: -1.8808e+05 -1.4017e+06  1e+06  2e-06  4e-11
 7: -1.9822e+05 -1.1756e+06  1e+06  1e-06  3e-11
 8: -2.0168e+05 -1.1196e+06  9e+05  1e-06  3e-11
 9: -2.0507e+05 -1.0065e+06  8e+05  6e-07  3e-11
10: -2.1023e+05 -9.6455e+05  8e+05  5e-07  3e-11
11: -2.1406e+05 -9.2716e+05  7e+05  4e-07  3e-11
12: -2.1629e+05 -8.7087e+05  7e+05  2e-07  3e-11
13: -2.1999e+05 -8.3322e+05  6e+05  2e-07  3e-11
14: -2.2371e+05 -7.6891e+05  5e+05  6e-08  3e-11
15: -2.2843e+05 -7.3596e+05  5e+05  5e-08  3e-11
16: -2.3394e+05 -6.8252e+05  4e+05  3e-08  3e-11
17: -2.4542e+05 -5.5383e+05  3e+05  1e-08  3e-11
18: -2.4859e+05 -5.3500e+05  3e+05  8e-09  3e-11
19: -2.5052e+05 -5.1758e+05  3e+05  5e-09  3e-11
20: -2.5554e+05 -4.7501e+05  2e+05  1e-09  4e-11
21: -2.5668e+05 -4.6415e+05  2e+05  8e-10  3e-11
22: -2.6194e+05 -4.3833e+05  2e+05  6e-10  3e-11
23: -2.6385e+05 -4.2780e+05  2e+05  5e-10  3e-11
24: -2.6493e+05 -4.1395e+05  1e+05  2e-10  3e-11
25: -2.7189e+05 -3.8155e+05  1e+05  4e-11  4e-11
26: -2.7574e+05 -3.6777e+05  9e+04  1e-11  4e-11
27: -2.7766e+05 -3.5914e+05  8e+04  2e-12  4e-11
28: -2.8535e+05 -3.3834e+05  5e+04  2e-11  4e-11
29: -2.8826e+05 -3.3167e+05  4e+04  8e-12  4e-11
30: -2.8881e+05 -3.2622e+05  4e+04  9e-13  4e-11
31: -2.9005e+05 -3.2320e+05  3e+04  1e-11  4e-11
32: -2.9281e+05 -3.1836e+05  3e+04  2e-11  4e-11
33: -2.9738e+05 -3.0970e+05  1e+04  1e-13  5e-11
34: -2.9874e+05 -3.0778e+05  9e+03  7e-12  4e-11
35: -3.0018e+05 -3.0581e+05  6e+03  1e-11  4e-11
36: -3.0134e+05 -3.0426e+05  3e+03  2e-11  4e-11
37: -3.0198e+05 -3.0343e+05  1e+03  9e-12  4e-11
38: -3.0225e+05 -3.0309e+05  8e+02  5e-11  4e-11
39: -3.0242e+05 -3.0287e+05  4e+02  3e-11  4e-11
40: -3.0251e+05 -3.0277e+05  3e+02  2e-11  4e-11
41: -3.0260e+05 -3.0267e+05  7e+01  4e-11  4e-11
42: -3.0263e+05 -3.0264e+05  1e+01  3e-12  5e-11
43: -3.0263e+05 -3.0263e+05  2e+00  5e-12  4e-11
44: -3.0263e+05 -3.0263e+05  2e-01  8e-12  5e-11
45: -3.0263e+05 -3.0263e+05  2e-03  1e-11  5e-11
Optimal solution found.
  │  done in 172.0s
  │  #SV=3045
  └─ b=+1.5006

  [OvO all done] total fit time = 362.9s (avg 60.5s per pair, K=6 pairs)
  fit done in 362.9s

  train acc: 0.8771
  val   acc: 0.8699

  [val] per-class metrics:
  [val]   Critical Resistance             n=   16  recall=1.0000  precision=1.0000
  [val]   High Internal Resistance        n=  385  recall=1.0000  precision=0.9821
  [val]   None                            n= 2241  recall=0.8456  precision=0.9968
  [val]   Poor Retention                  n=   71  recall=0.9014  precision=0.1584

  [val] confusion (rows=true, cols=pred):
  [val]                          Critical R High Inter       None Poor Reten
  [val]   Critical Resistance            16          0          0          0
  [val]   High Internal Resist            0        385          0          0
  [val]   None                            0          6       1895        340
  [val]   Poor Retention                  0          1          6         64

  model saved to models/soft_C100_ovo.pkl
