[stai-train] variant=kernel
             args={'data': 'datasets/ev_battery_qc_train.csv', 'variant': 'kernel', 'out': 'models/kernel_poly_d3_C50.pkl', 'C': 50.0, 'kernel': 'poly', 'gamma': 'scale', 'degree': 3, 'coef0': 1.0, 'val_ratio': 0.2, 'seed': 42, 'class_weight': 'balanced', 'tol': 1e-05, 'max_train_samples': 0, 'qp_verbose': True}
  loaded 13565 rows × 6 features
  classes (4):
    [0] Critical Resistance             n=81  (0.60%)
    [1] High Internal Resistance        n=1924  (14.18%)
    [2] None                            n=11206  (82.61%)
    [3] Poor Retention                  n=354  (2.61%)
  split: train=10852, val=2713

  ┌─ OvR [1/4] class=0
  │  n_pos=65, n_neg=10787, weight=balanced (w_pos=83.48, w_neg=0.503)
  │  elapsed=0s
  │  cvxopt QP solving... (silent unless qp_verbose=True)
     pcost       dcost       gap    pres   dres
 0:  7.6249e+04 -2.1691e+09  2e+11  7e+00  1e-09
 1:  4.2312e+05 -1.6410e+09  2e+10  5e-01  1e-09
 2:  4.4972e+05 -1.1638e+09  3e+09  6e-02  2e-10
 3:  7.1492e+05 -2.8736e+08  4e+08  5e-03  5e-11
 4:  3.6577e+05 -5.9322e+07  8e+07  1e-03  3e-11
 5:  2.7645e+05 -1.7039e+07  2e+07  2e-04  1e-11
 6:  2.7885e+05 -6.4620e+06  8e+06  8e-05  1e-11
 7:  2.2812e+05 -2.3680e+06  3e+06  2e-05  1e-11
 8:  1.9294e+05 -1.2264e+06  2e+06  6e-06  1e-11
 9:  1.7200e+05 -8.0039e+05  1e+06  2e-06  1e-11
10:  1.2347e+05 -4.9984e+05  6e+05  1e-07  1e-11
11:  6.9935e+04 -2.9183e+05  4e+05  5e-08  1e-11
12:  6.1852e+04 -2.5708e+05  3e+05  3e-08  7e-12
13:  5.1470e+04 -2.0798e+05  3e+05  1e-08  7e-12
14:  2.8880e+04 -1.1466e+05  1e+05  6e-09  7e-12
15:  1.5361e+04 -5.7396e+04  7e+04  2e-10  7e-12
16:  8.4073e+03 -3.4072e+04  4e+04  5e-11  4e-12
17:  2.1208e+03 -6.6504e+03  9e+03  7e-12  4e-12
18:  4.2797e+02 -1.0261e+03  1e+03  7e-13  2e-12
19:  1.5197e+02 -4.0792e+02  6e+02  2e-13  1e-12
20:  5.0665e+01 -1.7247e+02  2e+02  4e-14  6e-13
21:  4.7777e+01 -1.7008e+02  2e+02  3e-14  6e-13
22:  1.7386e+01 -7.6619e+01  9e+01  1e-14  5e-13
23:  1.5821e+01 -7.4289e+01  9e+01  1e-14  5e-13
24:  1.2484e+01 -6.5918e+01  8e+01  1e-14  5e-13
25:  7.0663e+00 -5.0351e+01  6e+01  1e-14  5e-13
26:  6.4948e+00 -4.9764e+01  6e+01  3e-15  5e-13
27: -5.2113e-03 -3.1133e+01  3e+01  4e-15  6e-13
28: -1.5036e+00 -2.7466e+01  3e+01  2e-15  7e-13
29: -4.4811e+00 -2.0032e+01  2e+01  5e-15  8e-13
30: -7.0571e+00 -1.4364e+01  7e+00  8e-15  8e-13
31: -7.1744e+00 -1.4542e+01  7e+00  3e-15  7e-13
32: -9.2671e+00 -1.0562e+01  1e+00  1e-14  8e-13
33: -9.7777e+00 -9.8015e+00  2e-02  7e-16  9e-13
34: -9.7884e+00 -9.7886e+00  2e-04  1e-14  9e-13
35: -9.7885e+00 -9.7885e+00  2e-06  4e-15  1e-12
36: -9.7885e+00 -9.7885e+00  2e-08  5e-16  3e-12
Optimal solution found.
  │  done in 145.1s
  │  SVs: total=20  margin (0<α<C)=20  bound (α=C, 위반)=0
  └─ b=-22.0522

  ┌─ OvR [2/4] class=1
  │  n_pos=1539, n_neg=9313, weight=balanced (w_pos=3.53, w_neg=0.583)
  │  elapsed=145s, ETA=435s
  │  cvxopt QP solving... (silent unless qp_verbose=True)
     pcost       dcost       gap    pres   dres
 0:  9.1084e+01 -9.8441e+07  1e+09  3e+00  1e-10
 1:  1.0903e+05 -7.0199e+07  2e+08  6e-01  8e-11
 2:  2.3603e+05 -3.9877e+07  9e+07  2e-01  4e-11
 3:  2.6070e+05 -2.0265e+07  4e+07  8e-02  2e-11
 4:  2.1855e+05 -1.0592e+07  2e+07  4e-02  2e-11
 5:  2.2814e+05 -8.6793e+06  1e+07  3e-02  2e-11
 6:  2.1834e+05 -6.8138e+06  1e+07  2e-02  2e-11
 7:  2.4025e+05 -5.6721e+06  9e+06  1e-02  1e-11
 8:  2.8358e+05 -5.5146e+06  9e+06  1e-02  1e-11
 9:  3.3870e+05 -4.8766e+06  8e+06  8e-03  2e-11
10:  2.3237e+05 -1.4568e+06  2e+06  1e-03  2e-11
11:  1.5158e+05 -7.2340e+05  1e+06  4e-04  2e-11
12:  1.0256e+05 -4.6778e+05  6e+05  2e-04  1e-11
13:  6.5825e+04 -2.5170e+05  3e+05  1e-13  1e-11
14:  2.7982e+04 -1.0939e+05  1e+05  4e-13  9e-12
15:  1.2171e+04 -5.1669e+04  6e+04  1e-13  6e-12
16:  1.0957e+04 -4.7562e+04  6e+04  5e-14  6e-12
17:  7.2862e+03 -3.4842e+04  4e+04  4e-13  6e-12
18:  5.6666e+03 -2.9145e+04  3e+04  2e-13  5e-12
19:  3.2691e+03 -2.0448e+04  2e+04  3e-13  5e-12
20:  2.4524e+03 -1.7295e+04  2e+04  2e-13  4e-12
21:  2.0932e+03 -1.6117e+04  2e+04  2e-13  5e-12
22:  1.3661e+03 -1.3546e+04  1e+04  4e-14  4e-12
23:  7.8957e+02 -1.1510e+04  1e+04  2e-13  5e-12
24:  2.6313e+01 -9.3325e+03  9e+03  3e-13  5e-12
25: -2.3528e+02 -8.6076e+03  8e+03  5e-14  5e-12
26: -3.4734e+02 -8.2036e+03  8e+03  2e-13  4e-12
27: -7.6039e+02 -7.1719e+03  6e+03  1e-14  4e-12
28: -8.2473e+02 -6.8794e+03  6e+03  7e-13  4e-12
29: -1.2254e+03 -5.9031e+03  5e+03  1e-14  4e-12
30: -1.3660e+03 -5.5712e+03  4e+03  9e-13  4e-12
31: -1.4295e+03 -5.3776e+03  4e+03  9e-13  4e-12
32: -1.6440e+03 -4.9443e+03  3e+03  1e-12  4e-12
33: -1.7846e+03 -4.6312e+03  3e+03  3e-13  4e-12
34: -1.9649e+03 -4.1068e+03  2e+03  1e-12  5e-12
35: -2.3434e+03 -3.5298e+03  1e+03  1e-12  5e-12
36: -2.3715e+03 -3.4666e+03  1e+03  1e-13  4e-12
37: -2.5114e+03 -3.2701e+03  8e+02  9e-14  4e-12
38: -2.7049e+03 -3.0064e+03  3e+02  1e-12  5e-12
39: -2.7158e+03 -2.9875e+03  3e+02  1e-12  5e-12
40: -2.7695e+03 -2.9226e+03  2e+02  1e-12  5e-12
41: -2.8062e+03 -2.8790e+03  7e+01  3e-13  5e-12
42: -2.8224e+03 -2.8594e+03  4e+01  2e-12  7e-12
43: -2.8379e+03 -2.8436e+03  6e+00  1e-12  7e-12
44: -2.8407e+03 -2.8407e+03  9e-02  2e-12  7e-12
45: -2.8407e+03 -2.8407e+03  9e-04  1e-12  7e-12
46: -2.8407e+03 -2.8407e+03  9e-06  2e-12  7e-12
Optimal solution found.
  │  done in 187.7s
  │  SVs: total=131  margin (0<α<C)=68  bound (α=C, 위반)=63
  └─ b=-31.5306

  ┌─ OvR [3/4] class=2
  │  n_pos=8965, n_neg=1887, weight=balanced (w_pos=0.61, w_neg=2.875)
  │  elapsed=333s, ETA=333s
  │  cvxopt QP solving... (silent unless qp_verbose=True)
     pcost       dcost       gap    pres   dres
 0: -3.1230e+04 -9.7297e+07  7e+08  2e+00  5e-11
 1:  1.0024e+05 -6.2041e+07  1e+08  4e-01  4e-11
 2:  2.3893e+05 -3.4820e+07  6e+07  2e-01  3e-11
 3:  2.5364e+05 -1.7901e+07  3e+07  7e-02  1e-11
 4:  2.4827e+05 -1.0983e+07  2e+07  3e-02  8e-12
 5:  2.2136e+05 -7.2385e+06  1e+07  2e-02  5e-12
 6:  2.1927e+05 -5.5416e+06  8e+06  1e-02  4e-12
 7:  1.9448e+05 -3.7528e+06  5e+06  7e-03  4e-12
 8:  2.0603e+05 -3.4907e+06  5e+06  5e-03  3e-12
 9:  1.1442e+05 -1.7689e+06  2e+06  2e-03  3e-12
10:  9.3851e+04 -1.4423e+06  2e+06  1e-03  3e-12
11:  4.1361e+04 -7.9832e+05  9e+05  5e-04  3e-12
12:  1.6622e+04 -5.3734e+05  6e+05  3e-04  3e-12
13: -4.4281e+03 -3.1089e+05  3e+05  1e-04  3e-12
14: -1.6303e+04 -1.7594e+05  2e+05  4e-05  3e-12
15: -2.0397e+04 -1.3895e+05  1e+05  3e-05  3e-12
16: -2.4277e+04 -1.0450e+05  8e+04  1e-05  4e-12
17: -2.5942e+04 -9.4846e+04  7e+04  1e-05  4e-12
18: -2.6814e+04 -8.8082e+04  6e+04  6e-06  4e-12
19: -2.7877e+04 -8.1975e+04  5e+04  4e-06  4e-12
20: -3.0050e+04 -6.9776e+04  4e+04  2e-06  4e-12
21: -3.1209e+04 -6.4432e+04  3e+04  2e-06  4e-12
22: -3.1802e+04 -6.1712e+04  3e+04  1e-06  4e-12
23: -3.2802e+04 -5.7598e+04  2e+04  9e-07  4e-12
24: -3.3499e+04 -5.4797e+04  2e+04  6e-07  4e-12
25: -3.4212e+04 -5.2231e+04  2e+04  4e-07  4e-12
26: -3.4563e+04 -5.1174e+04  2e+04  3e-07  4e-12
27: -3.5540e+04 -4.8511e+04  1e+04  2e-07  4e-12
28: -3.5894e+04 -4.7296e+04  1e+04  2e-07  4e-12
29: -3.6554e+04 -4.5680e+04  9e+03  1e-07  4e-12
30: -3.6855e+04 -4.4701e+04  8e+03  7e-08  4e-12
31: -3.7247e+04 -4.3671e+04  6e+03  5e-08  4e-12
32: -3.7651e+04 -4.2810e+04  5e+03  3e-08  5e-12
33: -3.7826e+04 -4.2429e+04  5e+03  3e-08  4e-12
34: -3.8112e+04 -4.1839e+04  4e+03  2e-08  4e-12
35: -3.8443e+04 -4.1206e+04  3e+03  1e-08  5e-12
36: -3.8548e+04 -4.0983e+04  2e+03  7e-09  5e-12
37: -3.8609e+04 -4.0759e+04  2e+03  3e-09  5e-12
38: -3.8847e+04 -4.0429e+04  2e+03  2e-09  5e-12
39: -3.9031e+04 -4.0178e+04  1e+03  1e-09  5e-12
40: -3.9194e+04 -3.9943e+04  7e+02  5e-10  5e-12
41: -3.9324e+04 -3.9782e+04  5e+02  3e-10  5e-12
42: -3.9370e+04 -3.9724e+04  4e+02  2e-10  5e-12
43: -3.9421e+04 -3.9659e+04  2e+02  6e-11  5e-12
44: -3.9469e+04 -3.9604e+04  1e+02  2e-11  5e-12
45: -3.9520e+04 -3.9549e+04  3e+01  4e-12  6e-12
46: -3.9532e+04 -3.9537e+04  5e+00  3e-12  6e-12
47: -3.9534e+04 -3.9534e+04  3e-01  4e-13  6e-12
48: -3.9534e+04 -3.9534e+04  4e-03  2e-12  6e-12
49: -3.9534e+04 -3.9534e+04  5e-05  2e-12  6e-12
Optimal solution found.
  │  done in 211.5s
  │  SVs: total=847  margin (0<α<C)=82  bound (α=C, 위반)=765
  └─ b=+8.0215

  ┌─ OvR [4/4] class=3
  │  n_pos=283, n_neg=10569, weight=balanced (w_pos=19.17, w_neg=0.513)
  │  elapsed=544s, ETA=181s
  │  cvxopt QP solving... (silent unless qp_verbose=True)
     pcost       dcost       gap    pres   dres
 0: -8.1016e+04 -4.8203e+08  1e+10  4e+00  8e-11
 1:  3.4442e+05 -3.5294e+08  2e+09  6e-01  7e-11
 2:  7.1116e+05 -2.3355e+08  7e+08  2e-01  3e-11
 3:  1.1681e+06 -1.6034e+08  3e+08  8e-02  2e-11
 4:  1.5503e+06 -8.8480e+07  2e+08  3e-02  2e-11
 5:  1.6055e+06 -5.1802e+07  8e+07  2e-02  1e-11
 6:  1.9363e+06 -3.8504e+07  6e+07  9e-03  1e-11
 7:  2.2180e+06 -3.3295e+07  5e+07  6e-03  1e-11
 8:  1.5698e+06 -1.6354e+07  2e+07  2e-03  9e-12
 9:  1.2784e+06 -1.1738e+07  1e+07  9e-04  9e-12
10:  7.8871e+05 -7.1999e+06  8e+06  4e-04  8e-12
11:  4.1359e+05 -3.8554e+06  4e+06  2e-04  8e-12
12:  2.5064e+05 -2.5197e+06  3e+06  8e-05  8e-12
13:  1.4537e+05 -1.6347e+06  2e+06  4e-05  7e-12
14:  6.2403e+04 -8.4934e+05  9e+05  1e-05  8e-12
15:  2.7692e+04 -5.6676e+05  6e+05  6e-06  8e-12
16: -2.7199e+03 -3.0707e+05  3e+05  2e-06  8e-12
17: -1.0784e+04 -2.3608e+05  2e+05  7e-07  8e-12
18: -2.1478e+04 -1.5450e+05  1e+05  3e-07  8e-12
19: -2.6850e+04 -1.1817e+05  9e+04  2e-07  8e-12
20: -2.9117e+04 -1.0515e+05  8e+04  1e-07  8e-12
21: -3.2151e+04 -8.8215e+04  6e+04  8e-08  8e-12
22: -3.4226e+04 -7.8274e+04  4e+04  6e-08  9e-12
23: -3.5381e+04 -7.3101e+04  4e+04  4e-08  9e-12
24: -3.6324e+04 -6.9201e+04  3e+04  4e-08  9e-12
25: -3.7417e+04 -6.4559e+04  3e+04  2e-08  9e-12
26: -3.8482e+04 -6.0568e+04  2e+04  2e-08  9e-12
27: -3.9134e+04 -5.8017e+04  2e+04  1e-08  9e-12
28: -3.9771e+04 -5.5706e+04  2e+04  8e-09  9e-12
29: -4.0338e+04 -5.4086e+04  1e+04  6e-09  9e-12
30: -4.0635e+04 -5.3188e+04  1e+04  5e-09  9e-12
31: -4.1138e+04 -5.1664e+04  1e+04  3e-09  9e-12
32: -4.1527e+04 -5.0610e+04  9e+03  2e-09  9e-12
33: -4.1933e+04 -4.9622e+04  8e+03  2e-09  9e-12
34: -4.2131e+04 -4.9114e+04  7e+03  2e-09  9e-12
35: -4.2442e+04 -4.8227e+04  6e+03  9e-10  1e-11
36: -4.2746e+04 -4.7496e+04  5e+03  5e-10  1e-11
37: -4.2953e+04 -4.7109e+04  4e+03  5e-10  1e-11
38: -4.3116e+04 -4.6726e+04  4e+03  3e-10  1e-11
39: -4.3439e+04 -4.6129e+04  3e+03  2e-10  1e-11
40: -4.3687e+04 -4.5684e+04  2e+03  7e-11  1e-11
41: -4.3925e+04 -4.5343e+04  1e+03  5e-11  1e-11
42: -4.4036e+04 -4.5150e+04  1e+03  2e-11  1e-11
43: -4.4190e+04 -4.4946e+04  8e+02  1e-11  1e-11
44: -4.4276e+04 -4.4830e+04  6e+02  6e-12  1e-11
45: -4.4371e+04 -4.4714e+04  3e+02  3e-12  1e-11
46: -4.4460e+04 -4.4608e+04  1e+02  5e-12  1e-11
47: -4.4474e+04 -4.4592e+04  1e+02  2e-12  1e-11
48: -4.4504e+04 -4.4557e+04  5e+01  6e-12  1e-11
49: -4.4522e+04 -4.4537e+04  1e+01  3e-12  1e-11
50: -4.4529e+04 -4.4530e+04  9e-01  1e-12  1e-11
51: -4.4529e+04 -4.4529e+04  1e-02  3e-12  1e-11
52: -4.4529e+04 -4.4529e+04  1e-04  4e-14  1e-11
Optimal solution found.
  │  done in 215.6s
  │  SVs: total=958  margin (0<α<C)=85  bound (α=C, 위반)=873
  └─ b=-8.3041

  [OvR all done] total fit time = 759.9s (avg 190.0s per class)
  fit done in 759.9s

  train acc: 0.9651
  val   acc: 0.9532

  [val] per-class metrics:
  [val]   Critical Resistance             n=   16  recall=0.9375  precision=1.0000
  [val]   High Internal Resistance        n=  385  recall=0.9974  precision=0.9552
  [val]   None                            n= 2241  recall=0.9496  precision=0.9944
  [val]   Poor Retention                  n=   71  recall=0.8310  precision=0.3782

  [val] confusion (rows=true, cols=pred):
  [val]                          Critical R High Inter       None Poor Reten
  [val]   Critical Resistance            15          1          0          0
  [val]   High Internal Resist            0        384          1          0
  [val]   None                            0         16       2128         97
  [val]   Poor Retention                  0          1         11         59

  model saved to models/kernel_poly_d3_C50.pkl
