[stai-train] variant=kernel
             args={'data': 'datasets/ev_battery_qc_train.csv', 'variant': 'kernel', 'out': 'models/kernel_poly_d3_C50_ovo.pkl', 'C': 50.0, 'kernel': 'poly', 'gamma': 'scale', 'degree': 3, 'coef0': 1.0, 'val_ratio': 0.2, 'seed': 42, 'class_weight': 'balanced', 'tol': 1e-05, 'max_train_samples': 0, 'qp_verbose': True, 'multiclass': 'ovo'}
  loaded 13565 rows × 6 features
  classes (4):
    [0] Critical Resistance             n=81  (0.60%)
    [1] High Internal Resistance        n=1924  (14.18%)
    [2] None                            n=11206  (82.61%)
    [3] Poor Retention                  n=354  (2.61%)
  split: train=10852, val=2713

  ┌─ OvO [1/6] pair=(class 0 vs class 1)
  │  n_i=65, n_j=1539, total=1604, weight=balanced (w_pos=12.34, w_neg=0.52)
  │  elapsed=0s
  │  cvxopt QP solving... (silent unless qp_verbose=True)
     pcost       dcost       gap    pres   dres
 0:  8.0941e+04 -4.7307e+07  7e+08  3e+00  3e-11
 1:  8.5141e+04 -3.2894e+07  1e+08  3e-01  2e-11
 2:  1.1217e+05 -1.1260e+07  2e+07  3e-02  7e-12
 3:  7.4463e+04 -1.7761e+06  2e+06  4e-03  3e-12
 4:  4.4516e+04 -3.6951e+05  5e+05  6e-04  2e-12
 5:  2.9122e+04 -1.9597e+05  2e+05  2e-04  2e-12
 6:  1.0600e+04 -5.0836e+04  6e+04  4e-05  1e-12
 7:  4.6074e+03 -2.1233e+04  3e+04  1e-05  1e-12
 8:  1.8426e+03 -8.3157e+03  1e+04  2e-06  8e-13
 9:  8.7799e+02 -3.9118e+03  5e+03  5e-07  7e-13
10:  7.4686e+02 -3.5225e+03  4e+03  3e-07  5e-13
11:  3.1553e+02 -1.6797e+03  2e+03  1e-07  5e-13
12:  1.5180e+02 -9.9599e+02  1e+03  2e-08  6e-13
13:  6.2327e+01 -6.6567e+02  7e+02  9e-09  6e-13
14: -1.1728e+01 -4.5412e+02  4e+02  9e-14  1e-12
15: -7.1875e+01 -2.7150e+02  2e+02  8e-14  8e-13
16: -7.6311e+01 -2.7492e+02  2e+02  5e-14  9e-13
17: -1.1143e+02 -1.9516e+02  8e+01  8e-14  1e-12
18: -1.2579e+02 -1.6106e+02  4e+01  7e-15  1e-12
19: -1.4079e+02 -1.4148e+02  7e-01  8e-15  1e-12
20: -1.4112e+02 -1.4113e+02  9e-03  1e-13  1e-12
21: -1.4112e+02 -1.4112e+02  1e-04  3e-14  1e-12
22: -1.4112e+02 -1.4112e+02  4e-06  9e-14  1e-12
23: -1.4112e+02 -1.4112e+02  2e-07  1e-13  2e-12
Optimal solution found.
  │  done in 0.9s
  │  #SV=21
  └─ b=-26.4472

  ┌─ OvO [2/6] pair=(class 0 vs class 2)
  │  n_i=65, n_j=8965, total=9030, weight=balanced (w_pos=69.46, w_neg=0.50)
  │  elapsed=1s, ETA=4s
  │  cvxopt QP solving... (silent unless qp_verbose=True)
     pcost       dcost       gap    pres   dres
 0:  3.1264e+04 -9.9572e+08  3e+10  2e+00  5e-10
 1:  5.3342e+04 -8.0521e+08  2e+09  1e-01  6e-10
 2:  7.5966e+04 -3.0975e+08  5e+08  2e-02  9e-11
 3:  3.6160e+04 -5.7234e+07  8e+07  2e-03  1e-11
 4:  2.3352e+04 -1.0796e+06  1e+06  3e-05  4e-12
 5:  1.4087e+04 -8.9574e+04  1e+05  2e-06  2e-12
 6:  3.1776e+03 -3.9456e+03  7e+03  2e-08  5e-12
 7:  4.5906e+02 -5.0180e+02  1e+03  3e-16  4e-12
 8:  6.5512e+01 -7.3034e+01  1e+02  3e-16  1e-12
 9:  9.2786e+00 -1.0562e+01  2e+01  2e-16  6e-13
10:  1.2873e+00 -1.5554e+00  3e+00  1e-16  3e-13
11:  1.6733e-01 -2.3944e-01  4e-01  2e-16  7e-14
12:  1.6358e-02 -4.1368e-02  6e-02  2e-16  4e-14
13: -1.7951e-03 -9.5278e-03  8e-03  2e-16  9e-15
14: -3.3039e-03 -4.1338e-03  8e-04  2e-16  2e-15
15: -3.3143e-03 -4.1239e-03  8e-04  2e-16  2e-15
16: -3.3626e-03 -4.1731e-03  8e-04  3e-16  2e-15
17: -3.6580e-03 -4.3473e-03  7e-04  2e-16  1e-15
18: -3.8272e-03 -3.9926e-03  2e-04  2e-16  8e-16
19: -3.8729e-03 -4.0239e-03  2e-04  2e-16  7e-16
20: -3.9278e-03 -3.9308e-03  3e-06  2e-16  8e-16
21: -3.9291e-03 -3.9291e-03  3e-08  2e-16  6e-16
22: -3.9291e-03 -3.9291e-03  3e-10  2e-16  8e-16
Optimal solution found.
  │  done in 74.7s
  │  #SV=3
  └─ b=-1.1375

  ┌─ OvO [3/6] pair=(class 0 vs class 3)
  │  n_i=65, n_j=283, total=348, weight=balanced (w_pos=2.68, w_neg=0.61)
  │  elapsed=76s, ETA=151s
  │  cvxopt QP solving... (silent unless qp_verbose=True)
     pcost       dcost       gap    pres   dres
 0:  1.5622e+03 -1.0540e+06  2e+06  2e-01  6e-13
 1:  1.8224e+03 -3.2788e+05  5e+05  5e-02  6e-13
 2:  8.8921e+02 -6.0759e+04  8e+04  7e-03  2e-13
 3:  5.4461e+02 -1.3041e+03  2e+03  8e-05  9e-14
 4:  9.0754e+01 -1.0298e+02  2e+02  4e-07  7e-14
 5:  1.2524e+01 -1.5503e+01  3e+01  5e-16  4e-14
 6:  1.5776e+00 -2.4222e+00  4e+00  2e-16  1e-14
 7:  1.1990e-01 -4.4021e-01  6e-01  2e-16  5e-15
 8: -5.3310e-02 -1.2023e-01  7e-02  2e-16  2e-15
 9: -6.4121e-02 -1.0232e-01  4e-02  2e-16  9e-16
10: -6.8365e-02 -1.0716e-01  4e-02  3e-16  9e-16
11: -8.1678e-02 -9.8970e-02  2e-02  2e-16  7e-16
12: -8.2476e-02 -9.9731e-02  2e-02  2e-16  8e-16
13: -9.0105e-02 -9.5740e-02  6e-03  1e-16  8e-16
14: -9.0742e-02 -9.5633e-02  5e-03  2e-16  5e-16
15: -9.2066e-02 -9.3892e-02  2e-03  2e-16  6e-16
16: -9.2124e-02 -9.3614e-02  1e-03  2e-16  5e-16
17: -9.2695e-02 -9.2986e-02  3e-04  2e-16  7e-16
18: -9.2835e-02 -9.2845e-02  1e-05  2e-16  7e-16
19: -9.2840e-02 -9.2841e-02  2e-07  2e-16  7e-16
20: -9.2841e-02 -9.2841e-02  3e-09  2e-16  7e-16
Optimal solution found.
  │  done in 0.0s
  │  #SV=6
  └─ b=-1.1654

  ┌─ OvO [4/6] pair=(class 1 vs class 2)
  │  n_i=1539, n_j=8965, total=10504, weight=balanced (w_pos=3.41, w_neg=0.59)
  │  elapsed=76s, ETA=76s
  │  cvxopt QP solving... (silent unless qp_verbose=True)
     pcost       dcost       gap    pres   dres
 0: -4.7877e+03 -1.1624e+08  1e+09  3e+00  2e-11
 1:  1.4184e+05 -7.3370e+07  2e+08  3e-01  2e-11
 2:  2.8797e+05 -2.6371e+07  4e+07  7e-02  1e-11
 3:  2.0687e+05 -9.8352e+06  2e+07  3e-02  5e-12
 4:  1.6988e+05 -6.1831e+06  9e+06  1e-02  3e-12
 5:  1.8235e+05 -4.9034e+06  7e+06  1e-02  2e-12
 6:  2.2737e+05 -4.1896e+06  6e+06  7e-03  2e-12
 7:  1.9712e+05 -2.2188e+06  3e+06  3e-03  1e-12
 8:  1.1017e+05 -6.4331e+05  9e+05  5e-04  1e-12
 9:  3.7991e+04 -1.3715e+05  2e+05  6e-05  8e-13
10:  2.0100e+04 -7.6843e+04  1e+05  2e-05  6e-13
11:  9.1435e+03 -3.8148e+04  5e+04  1e-05  6e-13
12:  5.3182e+03 -2.4866e+04  3e+04  5e-06  6e-13
13:  3.7868e+03 -1.9835e+04  2e+04  3e-06  7e-13
14:  2.3991e+03 -1.5117e+04  2e+04  2e-06  7e-13
15:  2.0763e+03 -1.4058e+04  2e+04  2e-06  7e-13
16:  1.5213e+03 -1.2015e+04  1e+04  1e-06  7e-13
17:  6.8451e+02 -9.3059e+03  1e+04  7e-07  8e-13
18:  2.9494e+02 -8.2068e+03  9e+03  4e-07  8e-13
19:  1.2756e+02 -7.6704e+03  8e+03  3e-07  8e-13
20: -2.0147e+02 -6.8606e+03  7e+03  3e-07  9e-13
21: -4.2582e+02 -6.1508e+03  6e+03  2e-07  8e-13
22: -6.4799e+02 -5.5502e+03  5e+03  1e-07  9e-13
23: -7.8676e+02 -5.0200e+03  4e+03  6e-08  9e-13
24: -1.1312e+03 -4.2887e+03  3e+03  4e-08  9e-13
25: -1.2419e+03 -4.0996e+03  3e+03  3e-08  9e-13
26: -1.2650e+03 -3.9353e+03  3e+03  2e-08  9e-13
27: -1.3793e+03 -3.7453e+03  2e+03  2e-08  9e-13
28: -1.4249e+03 -3.5851e+03  2e+03  9e-09  1e-12
29: -1.6955e+03 -3.1309e+03  1e+03  5e-09  1e-12
30: -1.7008e+03 -3.1187e+03  1e+03  4e-09  1e-12
31: -1.8301e+03 -2.9053e+03  1e+03  3e-09  1e-12
32: -1.9976e+03 -2.6441e+03  6e+02  1e-09  1e-12
33: -2.0543e+03 -2.5495e+03  5e+02  6e-10  1e-12
34: -2.0776e+03 -2.5114e+03  4e+02  4e-10  1e-12
35: -2.1574e+03 -2.3948e+03  2e+02  4e-11  1e-12
36: -2.1921e+03 -2.3509e+03  2e+02  9e-12  1e-12
37: -2.1989e+03 -2.3431e+03  1e+02  5e-12  1e-12
38: -2.2335e+03 -2.3054e+03  7e+01  2e-12  1e-12
39: -2.2491e+03 -2.2885e+03  4e+01  1e-12  1e-12
40: -2.2542e+03 -2.2826e+03  3e+01  1e-12  1e-12
41: -2.2674e+03 -2.2689e+03  1e+00  7e-13  1e-12
42: -2.2681e+03 -2.2681e+03  1e-02  1e-13  1e-12
43: -2.2681e+03 -2.2681e+03  1e-04  2e-13  1e-12
44: -2.2681e+03 -2.2681e+03  1e-06  4e-13  2e-12
Optimal solution found.
  │  done in 155.9s
  │  #SV=105
  └─ b=-31.7082

  ┌─ OvO [5/6] pair=(class 1 vs class 3)
  │  n_i=1539, n_j=283, total=1822, weight=balanced (w_pos=0.59, w_neg=3.22)
  │  elapsed=231s, ETA=116s
  │  cvxopt QP solving... (silent unless qp_verbose=True)
     pcost       dcost       gap    pres   dres
 0:  3.6790e+04 -9.0850e+06  3e+07  6e-01  2e-12
 1:  5.5979e+04 -5.0673e+06  1e+07  2e-01  1e-12
 2:  7.3195e+04 -1.6523e+06  3e+06  4e-02  8e-13
 3:  5.2734e+04 -5.5939e+05  8e+05  1e-02  4e-13
 4:  2.5752e+04 -1.6047e+05  2e+05  3e-03  3e-13
 5:  1.5610e+04 -8.1858e+04  1e+05  8e-04  2e-13
 6:  4.3649e+03 -1.5837e+04  2e+04  1e-04  1e-13
 7:  1.7104e+03 -6.6731e+03  8e+03  2e-05  9e-14
 8:  5.9911e+02 -2.8659e+03  3e+03  4e-14  8e-14
 9:  2.0821e+02 -1.3969e+03  2e+03  1e-14  6e-14
10:  1.7141e+02 -1.3725e+03  2e+03  5e-15  8e-14
11:  9.6246e+01 -1.1575e+03  1e+03  2e-14  8e-14
12: -7.2126e-01 -7.8564e+02  8e+02  1e-14  9e-14
13: -5.7986e+01 -5.5773e+02  5e+02  4e-15  1e-13
14: -1.0515e+02 -4.7976e+02  4e+02  6e-15  1e-13
15: -1.7382e+02 -3.2031e+02  1e+02  3e-14  1e-13
16: -1.7634e+02 -3.1354e+02  1e+02  6e-14  1e-13
17: -2.0057e+02 -2.6642e+02  7e+01  6e-14  1e-13
18: -2.1685e+02 -2.4172e+02  2e+01  4e-14  1e-13
19: -2.2446e+02 -2.3103e+02  7e+00  3e-14  1e-13
20: -2.2727e+02 -2.2758e+02  3e-01  3e-14  1e-13
21: -2.2742e+02 -2.2742e+02  3e-03  2e-15  1e-13
22: -2.2742e+02 -2.2742e+02  3e-05  2e-14  1e-13
23: -2.2742e+02 -2.2742e+02  3e-07  5e-14  1e-13
Optimal solution found.
  │  done in 1.6s
  │  #SV=30
  └─ b=-5.2865

  ┌─ OvO [6/6] pair=(class 2 vs class 3)
  │  n_i=8965, n_j=283, total=9248, weight=balanced (w_pos=0.52, w_neg=16.34)
  │  elapsed=233s, ETA=47s
  │  cvxopt QP solving... (silent unless qp_verbose=True)
     pcost       dcost       gap    pres   dres
 0: -6.8681e+03 -3.6459e+08  6e+09  3e+00  3e-11
 1:  4.0385e+05 -2.6427e+08  1e+09  4e-01  2e-11
 2:  6.2239e+05 -1.5950e+08  4e+08  1e-01  1e-11
 3:  8.3379e+05 -9.1189e+07  2e+08  6e-02  1e-11
 4:  8.7837e+05 -3.9311e+07  6e+07  2e-02  1e-11
 5:  9.3620e+05 -3.2322e+07  5e+07  1e-02  1e-11
 6:  8.8013e+05 -1.4945e+07  2e+07  5e-03  1e-11
 7:  9.1010e+05 -1.2976e+07  2e+07  3e-03  1e-11
 8:  8.9199e+05 -1.1507e+07  2e+07  3e-03  9e-12
 9:  7.7184e+05 -7.4224e+06  9e+06  1e-03  9e-12
10:  3.7883e+05 -2.9921e+06  4e+06  2e-04  9e-12
11:  3.3701e+05 -2.7304e+06  3e+06  2e-04  8e-12
12:  1.3791e+05 -1.2781e+06  1e+06  5e-05  9e-12
13:  9.9486e+04 -9.8501e+05  1e+06  3e-05  8e-12
14:  5.5985e+04 -6.7524e+05  7e+05  1e-05  8e-12
15:  2.1002e+04 -4.1271e+05  4e+05  5e-06  8e-12
16: -7.7167e+02 -2.2777e+05  2e+05  2e-06  8e-12
17: -1.1444e+04 -1.4347e+05  1e+05  1e-06  8e-12
18: -1.5092e+04 -1.2196e+05  1e+05  6e-07  8e-12
19: -2.0180e+04 -8.9559e+04  7e+04  4e-07  9e-12
20: -2.1428e+04 -8.2973e+04  6e+04  3e-07  9e-12
21: -2.3437e+04 -7.2346e+04  5e+04  2e-07  9e-12
22: -2.5227e+04 -6.3795e+04  4e+04  1e-07  9e-12
23: -2.6382e+04 -5.8532e+04  3e+04  1e-07  9e-12
24: -2.7598e+04 -5.2998e+04  3e+04  7e-08  9e-12
25: -2.8370e+04 -4.9392e+04  2e+04  5e-08  1e-11
26: -2.9116e+04 -4.6652e+04  2e+04  4e-08  9e-12
27: -2.9619e+04 -4.4341e+04  1e+04  2e-08  1e-11
28: -3.0231e+04 -4.2427e+04  1e+04  2e-08  1e-11
29: -3.0641e+04 -4.1224e+04  1e+04  1e-08  9e-12
30: -3.0925e+04 -4.0132e+04  9e+03  7e-09  1e-11
31: -3.1385e+04 -3.8913e+04  8e+03  5e-09  1e-11
32: -3.1668e+04 -3.8150e+04  6e+03  4e-09  1e-11
33: -3.1858e+04 -3.7576e+04  6e+03  3e-09  9e-12
34: -3.2332e+04 -3.6269e+04  4e+03  6e-10  1e-11
35: -3.2443e+04 -3.6084e+04  4e+03  5e-10  1e-11
36: -3.2551e+04 -3.5871e+04  3e+03  4e-10  1e-11
37: -3.2793e+04 -3.5435e+04  3e+03  2e-10  1e-11
38: -3.3023e+04 -3.5038e+04  2e+03  1e-10  1e-11
39: -3.3171e+04 -3.4808e+04  2e+03  7e-11  1e-11
40: -3.3281e+04 -3.4640e+04  1e+03  5e-11  9e-12
41: -3.3451e+04 -3.4348e+04  9e+02  6e-12  1e-11
42: -3.3582e+04 -3.4188e+04  6e+02  3e-12  1e-11
43: -3.3671e+04 -3.4079e+04  4e+02  3e-12  1e-11
44: -3.3691e+04 -3.4049e+04  4e+02  4e-12  1e-11
45: -3.3720e+04 -3.4016e+04  3e+02  8e-13  1e-11
46: -3.3722e+04 -3.4012e+04  3e+02  3e-12  1e-11
47: -3.3776e+04 -3.3952e+04  2e+02  4e-12  1e-11
48: -3.3794e+04 -3.3930e+04  1e+02  3e-12  1e-11
49: -3.3831e+04 -3.3891e+04  6e+01  2e-12  1e-11
50: -3.3841e+04 -3.3880e+04  4e+01  3e-12  1e-11
51: -3.3852e+04 -3.3869e+04  2e+01  2e-13  1e-11
52: -3.3858e+04 -3.3862e+04  4e+00  1e-12  1e-11
53: -3.3860e+04 -3.3861e+04  1e+00  5e-12  1e-11
54: -3.3860e+04 -3.3860e+04  4e-02  5e-12  1e-11
55: -3.3860e+04 -3.3860e+04  4e-04  5e-13  1e-11
56: -3.3860e+04 -3.3860e+04  4e-06  6e-13  1e-11
Optimal solution found.
  │  done in 211.3s
  │  #SV=746
  └─ b=+11.0162

  [OvO all done] total fit time = 444.4s (avg 74.1s per pair, K=6 pairs)
  fit done in 444.4s

  train acc: 0.9606
  val   acc: 0.9506

  [val] per-class metrics:
  [val]   Critical Resistance             n=   16  recall=1.0000  precision=1.0000
  [val]   High Internal Resistance        n=  385  recall=0.9974  precision=0.9624
  [val]   None                            n= 2241  recall=0.9456  precision=0.9948
  [val]   Poor Retention                  n=   71  recall=0.8451  precision=0.3571

  [val] confusion (rows=true, cols=pred):
  [val]                          Critical R High Inter       None Poor Reten
  [val]   Critical Resistance            16          0          0          0
  [val]   High Internal Resist            0        384          1          0
  [val]   None                            0         14       2119        108
  [val]   Poor Retention                  0          1         10         60

  model saved to models/kernel_poly_d3_C50_ovo.pkl
