[stai-train] variant=soft
             args={'data': 'datasets/ev_battery_qc_train.csv', 'variant': 'soft', 'out': 'models/soft_C100.pkl', 'C': 100.0, 'kernel': 'rbf', 'gamma': 'scale', 'degree': 3, 'coef0': 1.0, 'val_ratio': 0.2, 'seed': 42, 'class_weight': 'balanced', 'tol': 1e-05, 'max_train_samples': 0, 'qp_verbose': True}
  loaded 13565 rows × 6 features
  classes (4):
    [0] Critical Resistance             n=81  (0.60%)
    [1] High Internal Resistance        n=1924  (14.18%)
    [2] None                            n=11206  (82.61%)
    [3] Poor Retention                  n=354  (2.61%)
  split: train=10852, val=2713

  ┌─ OvR [1/4] class=0
  │  n_pos=65, n_neg=10787, weight=balanced (w_pos=83.48, w_neg=0.503)
  │  elapsed=0s
  │  cvxopt QP solving... (silent unless qp_verbose=True)
     pcost       dcost       gap    pres   dres
 0: -4.1183e+05 -3.0640e+09  8e+10  1e+00  4e-10
 1:  4.3366e+04 -2.6811e+09  6e+09  6e-02  3e-10
 2:  3.3652e+05 -9.7967e+08  2e+09  2e-02  9e-11
 3:  9.2744e+05 -4.3720e+08  6e+08  5e-03  5e-11
 4:  1.0904e+06 -9.9599e+07  1e+08  1e-03  3e-11
 5:  1.2470e+06 -3.8942e+07  5e+07  4e-04  2e-11
 6:  1.1752e+06 -1.8460e+07  3e+07  1e-04  1e-11
 7:  7.9988e+05 -7.2893e+06  9e+06  5e-05  1e-11
 8:  5.2062e+05 -3.0045e+06  4e+06  1e-05  1e-11
 9:  5.0168e+05 -2.7843e+06  3e+06  9e-06  1e-11
10:  4.0530e+05 -1.8157e+06  2e+06  1e-06  9e-12
11:  3.6233e+05 -1.6246e+06  2e+06  9e-07  8e-12
12:  2.2708e+05 -9.7694e+05  1e+06  3e-07  7e-12
13:  1.3536e+05 -6.0222e+05  7e+05  1e-07  6e-12
14:  1.2627e+05 -5.6722e+05  7e+05  1e-07  5e-12
15:  6.6736e+04 -3.1552e+05  4e+05  5e-08  4e-12
16:  5.8849e+04 -2.7729e+05  3e+05  4e-08  4e-12
17:  5.4987e+04 -2.6047e+05  3e+05  3e-08  4e-12
18:  5.4506e+04 -2.5078e+05  3e+05  3e-08  3e-12
19:  3.7510e+04 -1.8273e+05  2e+05  2e-08  3e-12
20:  3.0098e+04 -1.4751e+05  2e+05  1e-08  3e-12
21:  2.3683e+04 -1.1059e+05  1e+05  6e-09  3e-12
22:  2.3259e+04 -1.1031e+05  1e+05  5e-09  3e-12
23:  2.1654e+04 -1.0179e+05  1e+05  3e-09  2e-12
24:  1.7852e+04 -8.6201e+04  1e+05  3e-09  2e-12
25:  1.5310e+04 -6.9732e+04  9e+04  1e-09  2e-12
26:  1.4973e+04 -6.8767e+04  8e+04  1e-09  2e-12
27:  1.2212e+04 -5.1083e+04  6e+04  3e-10  3e-12
28:  9.3010e+03 -3.7551e+04  5e+04  2e-10  2e-12
29:  8.4226e+03 -3.5972e+04  4e+04  1e-10  2e-12
30:  3.0784e+03 -1.3614e+04  2e+04  2e-11  2e-12
31:  2.1881e+03 -1.0539e+04  1e+04  1e-11  2e-12
32:  1.7729e+03 -9.2911e+03  1e+04  9e-12  2e-12
33:  1.7847e+03 -9.2633e+03  1e+04  9e-12  2e-12
34:  1.6586e+03 -8.6009e+03  1e+04  7e-12  2e-12
35:  9.9013e+02 -6.1122e+03  7e+03  4e-12  2e-12
36:  8.8011e+02 -5.5467e+03  6e+03  3e-12  2e-12
37:  8.6720e+02 -5.2119e+03  6e+03  2e-12  2e-12
38:  7.0278e+02 -4.5307e+03  5e+03  2e-12  2e-12
39:  6.2284e+02 -4.3073e+03  5e+03  1e-12  2e-12
40:  3.9845e+02 -3.4516e+03  4e+03  8e-13  2e-12
41:  2.2762e+02 -2.8020e+03  3e+03  4e-13  2e-12
42:  2.9285e+01 -2.1707e+03  2e+03  3e-13  2e-12
43: -1.4909e+01 -2.2017e+03  2e+03  2e-13  2e-12
44:  2.1548e+01 -2.1635e+03  2e+03  3e-13  2e-12
45: -1.2168e+02 -1.8386e+03  2e+03  3e-13  2e-12
46: -1.4471e+02 -1.7651e+03  2e+03  2e-13  2e-12
47: -1.6238e+02 -1.7344e+03  2e+03  1e-13  2e-12
48: -1.5426e+02 -1.7249e+03  2e+03  2e-13  2e-12
49: -2.6173e+02 -1.4556e+03  1e+03  2e-13  2e-12
50: -3.1971e+02 -1.3705e+03  1e+03  5e-13  2e-12
51: -3.0885e+02 -1.3489e+03  1e+03  3e-13  2e-12
52: -3.1197e+02 -1.3386e+03  1e+03  5e-13  2e-12
53: -3.9673e+02 -1.2320e+03  8e+02  3e-13  3e-12
54: -4.2930e+02 -1.1263e+03  7e+02  7e-13  3e-12
55: -4.4737e+02 -1.0838e+03  6e+02  2e-13  3e-12
56: -5.9199e+02 -8.5246e+02  3e+02  1e-12  3e-12
57: -6.4802e+02 -7.6511e+02  1e+02  4e-14  3e-12
58: -6.5838e+02 -7.4738e+02  9e+01  3e-13  4e-12
59: -6.5696e+02 -7.4461e+02  9e+01  2e-12  3e-12
60: -6.6655e+02 -7.2492e+02  6e+01  5e-13  4e-12
61: -6.8113e+02 -7.0796e+02  3e+01  1e-12  4e-12
62: -6.9148e+02 -6.9688e+02  5e+00  7e-13  4e-12
63: -6.9409e+02 -6.9419e+02  1e-01  5e-13  4e-12
64: -6.9414e+02 -6.9414e+02  1e-03  1e-12  4e-12
65: -6.9414e+02 -6.9414e+02  1e-05  2e-13  4e-12
66: -6.9414e+02 -6.9414e+02  1e-07  7e-13  2e-11
Optimal solution found.
  │  done in 279.1s
  │  SVs: total=16  margin (0<α<C)=7  bound (α=C, 위반)=9
  └─ b=-75.6861

  ┌─ OvR [2/4] class=1
  │  n_pos=1539, n_neg=9313, weight=balanced (w_pos=3.53, w_neg=0.583)
  │  elapsed=279s, ETA=837s
  │  cvxopt QP solving... (silent unless qp_verbose=True)
     pcost       dcost       gap    pres   dres
 0: -2.7645e+05 -2.4654e+08  2e+09  3e+00  3e-11
 1: -1.4339e+05 -1.5822e+08  4e+08  3e-01  3e-11
 2: -5.3621e+04 -4.7041e+07  7e+07  5e-02  1e-11
 3: -1.5451e+04 -2.7580e+07  4e+07  2e-02  9e-12
 4: -2.0561e+03 -2.1719e+07  3e+07  2e-02  8e-12
 5:  1.9602e+03 -1.4520e+07  2e+07  1e-02  8e-12
 6: -9.9485e+03 -8.9298e+06  1e+07  5e-03  8e-12
 7: -3.3912e+04 -2.1753e+06  2e+06  6e-04  9e-12
 8: -4.1049e+04 -5.9926e+05  6e+05  1e-04  9e-12
 9: -4.3221e+04 -5.4945e+05  5e+05  1e-04  9e-12
10: -4.6873e+04 -4.1754e+05  4e+05  7e-05  9e-12
11: -5.0100e+04 -3.5595e+05  3e+05  5e-05  9e-12
12: -5.3282e+04 -3.0409e+05  3e+05  4e-05  1e-11
13: -5.6289e+04 -2.6937e+05  2e+05  3e-05  1e-11
14: -5.9327e+04 -2.4123e+05  2e+05  2e-05  1e-11
15: -6.4476e+04 -1.9699e+05  1e+05  1e-05  1e-11
16: -6.8279e+04 -1.7557e+05  1e+05  6e-06  1e-11
17: -7.2152e+04 -1.5661e+05  8e+04  4e-06  1e-11
18: -7.3696e+04 -1.4979e+05  8e+04  3e-06  1e-11
19: -7.5697e+04 -1.4119e+05  7e+04  2e-06  1e-11
20: -7.8763e+04 -1.3001e+05  5e+04  2e-06  1e-11
21: -8.1179e+04 -1.2209e+05  4e+04  1e-06  1e-11
22: -8.3492e+04 -1.1540e+05  3e+04  8e-07  1e-11
23: -8.4932e+04 -1.1107e+05  3e+04  5e-07  1e-11
24: -8.6187e+04 -1.0770e+05  2e+04  4e-07  1e-11
25: -8.7421e+04 -1.0445e+05  2e+04  3e-07  1e-11
26: -8.8957e+04 -1.0109e+05  1e+04  2e-07  1e-11
27: -8.9969e+04 -9.8902e+04  9e+03  9e-08  1e-11
28: -9.0772e+04 -9.7325e+04  7e+03  6e-08  1e-11
29: -9.1333e+04 -9.6233e+04  5e+03  4e-08  1e-11
30: -9.1855e+04 -9.5336e+04  3e+03  2e-08  1e-11
31: -9.2210e+04 -9.4709e+04  2e+03  1e-08  1e-11
32: -9.2568e+04 -9.4113e+04  2e+03  4e-09  1e-11
33: -9.2864e+04 -9.3745e+04  9e+02  2e-09  1e-11
34: -9.3086e+04 -9.3463e+04  4e+02  4e-10  1e-11
35: -9.3186e+04 -9.3351e+04  2e+02  5e-11  1e-11
36: -9.3221e+04 -9.3315e+04  9e+01  3e-11  1e-11
37: -9.3245e+04 -9.3289e+04  4e+01  1e-11  1e-11
38: -9.3256e+04 -9.3278e+04  2e+01  6e-12  1e-11
39: -9.3267e+04 -9.3267e+04  8e-01  7e-12  2e-11
40: -9.3267e+04 -9.3267e+04  8e-03  2e-12  2e-11
41: -9.3267e+04 -9.3267e+04  8e-05  3e-12  2e-11
Optimal solution found.
  │  done in 171.7s
  │  SVs: total=937  margin (0<α<C)=7  bound (α=C, 위반)=930
  └─ b=-4.5817

  ┌─ OvR [3/4] class=2
  │  n_pos=8965, n_neg=1887, weight=balanced (w_pos=0.61, w_neg=2.875)
  │  elapsed=451s, ETA=451s
  │  cvxopt QP solving... (silent unless qp_verbose=True)
     pcost       dcost       gap    pres   dres
 0: -2.7144e+05 -3.1728e+08  1e+09  1e+00  2e-11
 1: -2.0643e+05 -1.8753e+08  4e+08  3e-01  2e-11
 2: -1.7946e+05 -8.7947e+07  1e+08  1e-01  2e-11
 3: -1.7541e+05 -2.3896e+07  3e+07  1e-02  2e-11
 4: -1.8882e+05 -1.9119e+06  2e+06  4e-04  2e-11
 5: -2.0044e+05 -1.3481e+06  1e+06  2e-04  2e-11
 6: -2.0811e+05 -1.1401e+06  9e+05  2e-04  2e-11
 7: -2.1441e+05 -1.0129e+06  8e+05  1e-04  2e-11
 8: -2.2297e+05 -8.7028e+05  6e+05  1e-04  2e-11
 9: -2.2819e+05 -8.0702e+05  6e+05  8e-05  2e-11
10: -2.3353e+05 -7.4763e+05  5e+05  6e-05  2e-11
11: -2.3955e+05 -6.8523e+05  4e+05  4e-05  2e-11
12: -2.4597e+05 -6.2388e+05  4e+05  3e-05  2e-11
13: -2.5132e+05 -5.7979e+05  3e+05  2e-05  2e-11
14: -2.5665e+05 -5.4138e+05  3e+05  2e-05  2e-11
15: -2.6280e+05 -5.0118e+05  2e+05  1e-05  2e-11
16: -2.6849e+05 -4.6889e+05  2e+05  9e-06  2e-11
17: -2.7195e+05 -4.4917e+05  2e+05  6e-06  2e-11
18: -2.7651e+05 -4.2522e+05  1e+05  4e-06  2e-11
19: -2.8306e+05 -3.9588e+05  1e+05  2e-06  2e-11
20: -2.8779e+05 -3.8014e+05  9e+04  1e-06  2e-11
21: -2.9073e+05 -3.6983e+05  8e+04  9e-07  2e-11
22: -2.9547e+05 -3.5101e+05  6e+04  2e-07  3e-11
23: -2.9978e+05 -3.3980e+05  4e+04  1e-07  2e-11
24: -3.0289e+05 -3.3238e+05  3e+04  5e-08  3e-11
25: -3.0705e+05 -3.2450e+05  2e+04  2e-08  3e-11
26: -3.0961e+05 -3.2008e+05  1e+04  8e-09  3e-11
27: -3.1082e+05 -3.1795e+05  7e+03  3e-09  3e-11
28: -3.1230e+05 -3.1588e+05  4e+03  1e-09  3e-11
29: -3.1314e+05 -3.1481e+05  2e+03  5e-10  3e-11
30: -3.1353e+05 -3.1431e+05  8e+02  2e-10  3e-11
31: -3.1373e+05 -3.1407e+05  3e+02  7e-11  3e-11
32: -3.1381e+05 -3.1398e+05  2e+02  3e-11  3e-11
33: -3.1386e+05 -3.1392e+05  6e+01  9e-12  3e-11
34: -3.1388e+05 -3.1390e+05  1e+01  7e-13  3e-11
35: -3.1389e+05 -3.1389e+05  1e+00  9e-13  3e-11
36: -3.1389e+05 -3.1389e+05  1e-02  5e-12  3e-11
37: -3.1389e+05 -3.1389e+05  1e-04  5e-12  3e-11
Optimal solution found.
  │  done in 157.5s
  │  SVs: total=3142  margin (0<α<C)=8  bound (α=C, 위반)=3134
  └─ b=+1.1313

  ┌─ OvR [4/4] class=3
  │  n_pos=283, n_neg=10569, weight=balanced (w_pos=19.17, w_neg=0.513)
  │  elapsed=608s, ETA=203s
  │  cvxopt QP solving... (silent unless qp_verbose=True)
     pcost       dcost       gap    pres   dres
 0: -4.9284e+05 -6.4619e+08  4e+09  6e-01  7e-11
 1: -3.4251e+05 -5.5002e+08  2e+09  3e-01  5e-11
 2: -2.7144e+05 -4.4367e+08  1e+09  2e-01  4e-11
 3: -1.6879e+05 -2.5294e+08  4e+08  5e-02  4e-11
 4: -1.7175e+05 -1.0221e+08  1e+08  1e-02  4e-11
 5: -2.3442e+05 -2.7598e+07  3e+07  2e-03  4e-11
 6: -2.4690e+05 -3.5914e+06  3e+06  3e-04  4e-11
 7: -2.5010e+05 -3.0369e+06  3e+06  2e-04  4e-11
 8: -2.5368e+05 -2.5668e+06  2e+06  1e-04  4e-11
 9: -2.6013e+05 -1.8925e+06  2e+06  7e-05  4e-11
10: -2.6573e+05 -1.5222e+06  1e+06  4e-05  4e-11
11: -2.6940e+05 -1.4824e+06  1e+06  3e-05  4e-11
12: -2.7452e+05 -1.3609e+06  1e+06  2e-05  4e-11
13: -2.7726e+05 -1.2945e+06  1e+06  2e-05  4e-11
14: -2.8699e+05 -1.0074e+06  7e+05  2e-07  5e-11
15: -2.9275e+05 -9.4932e+05  7e+05  2e-07  5e-11
16: -2.9529e+05 -8.9432e+05  6e+05  1e-07  4e-11
17: -2.9541e+05 -8.7600e+05  6e+05  9e-08  4e-11
18: -3.0488e+05 -7.8315e+05  5e+05  7e-08  4e-11
19: -3.1268e+05 -7.1668e+05  4e+05  5e-08  4e-11
20: -3.1647e+05 -6.7483e+05  4e+05  2e-08  4e-11
21: -3.2827e+05 -5.9544e+05  3e+05  7e-09  4e-11
22: -3.3116e+05 -5.7687e+05  2e+05  5e-09  4e-11
23: -3.3485e+05 -5.5713e+05  2e+05  4e-09  4e-11
24: -3.3447e+05 -5.5194e+05  2e+05  3e-09  4e-11
25: -3.4398e+05 -5.1156e+05  2e+05  2e-09  4e-11
26: -3.4715e+05 -4.9509e+05  1e+05  1e-09  4e-11
27: -3.4989e+05 -4.8145e+05  1e+05  8e-10  4e-11
28: -3.5279e+05 -4.6214e+05  1e+05  3e-10  5e-11
29: -3.6656e+05 -4.2331e+05  6e+04  7e-11  5e-11
30: -3.7370e+05 -4.0707e+05  3e+04  3e-11  5e-11
31: -3.7572e+05 -4.0170e+05  3e+04  2e-11  5e-11
32: -3.7910e+05 -3.9515e+05  2e+04  8e-12  5e-11
33: -3.8270e+05 -3.8874e+05  6e+03  3e-11  6e-11
34: -3.8429e+05 -3.8683e+05  3e+03  3e-12  5e-11
35: -3.8508e+05 -3.8590e+05  8e+02  2e-11  6e-11
36: -3.8533e+05 -3.8561e+05  3e+02  4e-13  6e-11
37: -3.8544e+05 -3.8549e+05  5e+01  3e-11  6e-11
38: -3.8546e+05 -3.8547e+05  1e+01  5e-11  6e-11
39: -3.8546e+05 -3.8546e+05  2e+00  3e-11  6e-11
40: -3.8546e+05 -3.8546e+05  5e-02  2e-11  6e-11
41: -3.8546e+05 -3.8546e+05  5e-04  2e-11  6e-11
Optimal solution found.
  │  done in 184.6s
  │  SVs: total=3862  margin (0<α<C)=11  bound (α=C, 위반)=3851
  └─ b=-1.5835

  [OvR all done] total fit time = 793.0s (avg 198.2s per class)
  fit done in 793.0s

  train acc: 0.9086
  val   acc: 0.9042

  [val] per-class metrics:
  [val]   Critical Resistance             n=   16  recall=0.5000  precision=1.0000
  [val]   High Internal Resistance        n=  385  recall=1.0000  precision=0.7889
  [val]   None                            n= 2241  recall=0.9005  precision=0.9868
  [val]   Poor Retention                  n=   71  recall=0.5915  precision=0.2442

  [val] confusion (rows=true, cols=pred):
  [val]                          Critical R High Inter       None Poor Reten
  [val]   Critical Resistance             8          8          0          0
  [val]   High Internal Resist            0        385          0          0
  [val]   None                            0         93       2018        130
  [val]   Poor Retention                  0          2         27         42

  model saved to models/soft_C100.pkl
