[stai-train] variant=linear
             args={'data': 'datasets/ev_battery_qc_train.csv', 'variant': 'linear', 'out': 'models/linear_hard_ovo.pkl', 'C': 1.0, 'kernel': 'rbf', 'gamma': 'scale', 'degree': 3, 'coef0': 1.0, 'val_ratio': 0.2, 'seed': 42, 'class_weight': 'none', 'tol': 1e-05, 'max_train_samples': 8000, 'qp_verbose': True, 'multiclass': 'ovo'}
  loaded 13565 rows × 6 features
  classes (4):
    [0] Critical Resistance             n=81  (0.60%)
    [1] High Internal Resistance        n=1924  (14.18%)
    [2] None                            n=11206  (82.61%)
    [3] Poor Retention                  n=354  (2.61%)
  split: train=10852, val=2713
  subsampled train to 3887 (stratified)

  ┌─ OvO [1/6] pair=(class 0 vs class 1)
  │  n_i=65, n_j=1539, total=1604, weight=none
  │  elapsed=0s
  │  cvxopt QP solving... (silent unless qp_verbose=True)
     pcost       dcost       gap    pres   dres
 0:  1.4813e+11 -3.6523e+14  8e+14  3e-01  1e-07
 1:  3.5850e+11 -9.4022e+13  2e+14  6e-02  2e-06
 2:  3.5433e+11 -3.9336e+13  8e+13  2e-02  7e-07
 3:  3.8817e+11 -2.4257e+13  5e+13  1e-02  4e-07
 4:  4.0141e+11 -1.3529e+13  2e+13  6e-03  2e-07
 5:  4.0442e+11 -7.4024e+12  1e+13  2e-03  8e-08
 6:  3.2201e+11 -2.6627e+12  4e+12  7e-04  3e-08
 7:  1.4560e+11 -5.1174e+11  7e+11  6e-05  2e-08
 8:  8.3558e+10 -3.0186e+11  4e+11  3e-05  2e-08
 9:  7.8053e+10 -2.8211e+11  4e+11  3e-05  2e-08
10:  7.2570e+10 -2.7165e+11  4e+11  2e-05  2e-08
11:  5.3699e+10 -2.0475e+11  3e+11  1e-05  1e-08
12:  5.6490e+10 -2.0037e+11  3e+11  1e-05  1e-08
13:  4.8696e+10 -1.8323e+11  2e+11  1e-05  1e-08
14:  3.6424e+10 -1.3608e+11  2e+11  4e-06  1e-08
15:  7.1872e+09 -1.7052e+10  2e+10  3e-10  1e-08
16:  1.1647e+09 -1.6623e+09  3e+09  1e-10  5e-09
17:  1.7894e+08 -2.1043e+08  4e+08  1e-11  2e-09
18:  2.5685e+07 -2.8601e+07  5e+07  2e-11  8e-10
19:  3.6777e+06 -4.0855e+06  8e+06  3e-11  3e-10
20:  5.2451e+05 -5.8637e+05  1e+06  1e-12  1e-10
21:  7.4058e+04 -8.4983e+04  2e+05  3e-12  4e-11
22:  2.0011e+04 -2.5589e+04  5e+04  2e-13  2e-11
23:  7.2469e+03 -1.3945e+04  2e+04  6e-13  9e-12
24:  6.5221e+03 -1.3493e+04  2e+04  6e-13  9e-12
25:  3.6707e+03 -9.1077e+03  1e+04  5e-13  7e-12
26:  3.0538e+03 -9.6256e+03  1e+04  7e-13  1e-11
27: -6.5900e+02 -6.5382e+03  6e+03  1e-12  2e-11
28: -3.8298e+03 -4.5402e+03  7e+02  2e-12  3e-11
29: -4.1593e+03 -4.1667e+03  7e+00  2e-12  3e-11
30: -4.1627e+03 -4.1628e+03  7e-02  2e-12  3e-11
31: -4.1627e+03 -4.1627e+03  7e-04  2e-12  4e-11
32: -4.1627e+03 -4.1627e+03  7e-06  4e-13  4e-11
Optimal solution found.
  │  done in 1.6s
  │  #SV=7
  └─ b=-287.8315

  ┌─ OvO [2/6] pair=(class 0 vs class 2)
  │  n_i=65, n_j=2000, total=2065, weight=none
  │  elapsed=2s, ETA=8s
  │  cvxopt QP solving... (silent unless qp_verbose=True)
     pcost       dcost       gap    pres   dres
 0:  2.1383e+10 -5.3024e+14  1e+15  3e-01  2e-08
 1:  4.0960e+10 -6.3803e+13  1e+14  3e-02  5e-06
 2:  4.2270e+10 -1.9487e+12  3e+12  7e-04  1e-07
 3:  2.4420e+10 -7.9917e+10  1e+11  2e-05  3e-09
 4:  5.5945e+09 -6.1908e+09  1e+10  1e-07  6e-10
 5:  8.1105e+08 -8.9143e+08  2e+09  3e-11  6e-10
 6:  1.1623e+08 -1.2777e+08  2e+08  1e-12  3e-10
 7:  1.6655e+07 -1.8307e+07  3e+07  6e-13  8e-11
 8:  2.3864e+06 -2.6234e+06  5e+06  4e-13  4e-11
 9:  3.4189e+05 -3.7600e+05  7e+05  7e-14  1e-11
10:  4.8964e+04 -5.3907e+04  1e+05  6e-14  5e-12
11:  7.0057e+03 -7.7355e+03  1e+04  3e-14  2e-12
12:  9.9979e+02 -1.1126e+03  2e+03  5e-15  6e-13
13:  1.4169e+02 -1.6099e+02  3e+02  1e-15  3e-13
14:  1.9691e+01 -2.3672e+01  4e+01  2e-15  1e-13
15:  2.5713e+00 -3.6319e+00  6e+00  6e-16  3e-14
16:  2.5429e-01 -6.2399e-01  9e-01  3e-16  2e-14
17: -2.6002e-02 -1.5315e-01  1e-01  2e-16  4e-15
18: -5.6242e-02 -1.7895e-01  1e-01  3e-16  3e-15
19: -7.0242e-02 -1.6613e-01  1e-01  2e-16  2e-15
20: -9.1591e-02 -1.7241e-01  8e-02  2e-16  1e-15
21: -1.1678e-01 -1.4224e-01  3e-02  2e-16  1e-15
22: -1.1842e-01 -1.4081e-01  2e-02  2e-16  8e-16
23: -1.2780e-01 -1.2868e-01  9e-04  2e-16  1e-15
24: -1.2818e-01 -1.2819e-01  9e-06  2e-16  1e-15
25: -1.2819e-01 -1.2819e-01  9e-08  2e-16  1e-15
26: -1.2819e-01 -1.2819e-01  9e-10  2e-16  1e-15
Optimal solution found.
  │  done in 2.0s
  │  #SV=4
  └─ b=-1.8042

  ┌─ OvO [3/6] pair=(class 0 vs class 3)
  │  n_i=65, n_j=283, total=348, weight=none
  │  elapsed=4s, ETA=7s
  │  cvxopt QP solving... (silent unless qp_verbose=True)
     pcost       dcost       gap    pres   dres
 0:  3.0937e+10 -1.1371e+14  3e+14  4e-01  2e-08
 1:  5.9217e+10 -1.1004e+13  2e+13  2e-02  2e-05
 2:  5.4060e+10 -4.8435e+11  7e+11  6e-04  9e-07
 3:  1.8335e+10 -2.2736e+10  4e+10  6e-06  8e-09
 4:  2.7132e+09 -2.9535e+09  6e+09  1e-11  4e-10
 5:  3.8889e+08 -4.2792e+08  8e+08  4e-12  2e-10
 6:  5.5726e+07 -6.1247e+07  1e+08  2e-13  6e-11
 7:  7.9851e+06 -8.7773e+06  2e+07  2e-13  3e-11
 8:  1.1441e+06 -1.2579e+06  2e+06  1e-13  9e-12
 9:  1.6389e+05 -1.8030e+05  3e+05  3e-14  4e-12
10:  2.3465e+04 -2.5858e+04  5e+04  2e-14  1e-12
11:  3.3547e+03 -3.7132e+03  7e+03  8e-15  5e-13
12:  4.7775e+02 -5.3506e+02  1e+03  2e-15  2e-13
13:  6.7322e+01 -7.7805e+01  1e+02  2e-16  7e-14
14:  9.1999e+00 -1.1589e+01  2e+01  4e-16  3e-14
15:  1.1316e+00 -1.8383e+00  3e+00  2e-16  1e-14
16:  7.1796e-02 -3.4385e-01  4e-01  2e-16  4e-15
17: -3.8982e-02 -1.3499e-01  1e-01  2e-16  1e-15
18: -7.3036e-02 -1.3790e-01  6e-02  3e-16  6e-16
19: -9.8331e-02 -1.2453e-01  3e-02  2e-16  6e-16
20: -1.0936e-01 -1.1507e-01  6e-03  2e-16  6e-16
21: -1.1224e-01 -1.1241e-01  2e-04  2e-16  8e-16
22: -1.1233e-01 -1.1233e-01  2e-06  2e-16  9e-16
23: -1.1233e-01 -1.1233e-01  2e-08  2e-16  9e-16
24: -1.1233e-01 -1.1233e-01  2e-10  2e-16  9e-16
Optimal solution found.
  │  done in 0.1s
  │  #SV=5
  └─ b=-1.6501

  ┌─ OvO [4/6] pair=(class 1 vs class 2)
  │  n_i=1539, n_j=2000, total=3539, weight=none
  │  elapsed=4s, ETA=4s
  │  cvxopt QP solving... (silent unless qp_verbose=True)
     pcost       dcost       gap    pres   dres
 0:  2.5476e+11 -3.4044e+15  1e+16  1e+00  6e-08
 1:  9.0812e+11 -1.3178e+15  2e+15  1e-01  6e-05
 2:  1.8517e+12 -2.9630e+14  5e+14  3e-02  1e-05
 3:  2.2677e+12 -1.4093e+14  2e+14  1e-02  6e-06
 4:  2.5765e+12 -8.8536e+13  1e+14  8e-03  3e-06
 5:  2.8207e+12 -5.3781e+13  8e+13  4e-03  2e-06
 6:  2.6513e+12 -3.1625e+13  5e+13  2e-03  9e-07
 7:  2.2552e+12 -1.8243e+13  3e+13  9e-04  4e-07
 8:  1.3346e+12 -7.5806e+12  1e+13  3e-04  1e-07
 9:  4.7113e+11 -1.4334e+12  2e+12  3e-09  4e-09
10:  1.4287e+11 -4.2650e+11  6e+11  2e-09  3e-09
11:  5.5760e+10 -1.7562e+11  2e+11  1e-09  3e-09
12:  1.5526e+10 -5.0239e+10  7e+10  2e-09  3e-09
13:  2.5502e+09 -4.2756e+09  7e+09  3e-09  3e-09
14:  4.8852e+08 -8.1985e+08  1e+09  1e-09  4e-09
15:  9.7856e+07 -2.5701e+08  4e+08  3e-09  7e-09
16:  1.8895e+07 -7.8310e+07  1e+08  2e-09  8e-09
17: -1.7559e+06 -1.3133e+07  1e+07  3e-09  7e-09
18: -5.3231e+06 -6.7949e+06  1e+06  1e-09  8e-09
19: -5.8262e+06 -6.3984e+06  6e+05  3e-09  7e-09
20: -5.9455e+06 -6.0407e+06  1e+05  6e-10  7e-09
21: -5.9655e+06 -5.9981e+06  3e+04  4e-09  7e-09
22: -5.9741e+06 -6.0106e+06  4e+04  2e-09  6e-09
23: -5.9842e+06 -5.9861e+06  2e+03  7e-10  7e-09
24: -5.9852e+06 -5.9857e+06  5e+02  3e-09  7e-09
25: -5.9856e+06 -5.9856e+06  6e+01  4e-09  7e-09
26: -5.9856e+06 -5.9856e+06  6e-01  6e-10  7e-09
27: -5.9856e+06 -5.9856e+06  6e-03  8e-10  7e-09
Optimal solution found.
  │  done in 8.9s
  │  #SV=29
  └─ b=-144.8577

  ┌─ OvO [5/6] pair=(class 1 vs class 3)
  │  n_i=1539, n_j=283, total=1822, weight=none
  │  elapsed=13s, ETA=6s
  │  cvxopt QP solving... (silent unless qp_verbose=True)
     pcost       dcost       gap    pres   dres
 0:  3.5461e+11 -1.6951e+15  6e+15  1e+00  5e-08
 1:  1.1479e+12 -6.7171e+14  1e+15  2e-01  5e-05
 2:  1.8879e+12 -2.2774e+14  4e+14  5e-02  2e-05
 3:  2.2458e+12 -1.2480e+14  2e+14  3e-02  8e-06
 4:  2.3112e+12 -7.1435e+13  1e+14  1e-02  4e-06
 5:  2.2109e+12 -4.0509e+13  6e+13  7e-03  2e-06
 6:  2.0432e+12 -2.2760e+13  3e+13  3e-03  9e-07
 7:  1.8459e+12 -1.4255e+13  2e+13  1e-03  4e-07
 8:  1.4977e+12 -7.9274e+12  1e+13  3e-04  8e-08
 9:  1.4025e+12 -7.3015e+12  9e+12  2e-04  7e-08
10:  1.1719e+12 -5.9358e+12  7e+12  2e-04  5e-08
11:  8.3310e+11 -4.2076e+12  5e+12  1e-04  3e-08
12:  5.3998e+11 -2.6892e+12  3e+12  6e-05  2e-08
13:  4.0491e+11 -1.5691e+12  2e+12  1e-05  5e-09
14:  2.6572e+11 -1.1552e+12  1e+12  5e-06  3e-09
15:  1.0088e+11 -3.7348e+11  5e+11  7e-07  2e-09
16:  1.7307e+10 -3.2996e+10  5e+10  2e-08  2e-09
17:  2.6798e+09 -3.3654e+09  6e+09  3e-10  7e-10
18:  3.8509e+08 -4.2912e+08  8e+08  7e-11  3e-10
19:  5.5254e+07 -6.1246e+07  1e+08  2e-12  1e-10
20:  7.9152e+06 -8.7440e+06  2e+07  1e-11  4e-11
21:  1.1319e+06 -1.2539e+06  2e+06  2e-12  2e-11
22:  1.6119e+05 -1.8058e+05  3e+05  1e-12  6e-12
23:  2.2693e+04 -2.6259e+04  5e+04  8e-13  2e-12
24:  3.0712e+03 -3.9228e+03  7e+03  5e-14  9e-13
25:  1.7538e+03 -2.6721e+03  4e+03  9e-15  6e-13
26:  1.6469e+03 -2.7441e+03  4e+03  9e-14  7e-13
27:  1.3977e+03 -2.7008e+03  4e+03  1e-14  7e-13
28:  9.1102e+02 -2.9204e+03  4e+03  1e-13  1e-12
29:  6.1858e+02 -3.0493e+03  4e+03  7e-14  2e-12
30:  2.2992e+02 -2.8562e+03  3e+03  5e-13  2e-12
31: -1.2749e+02 -2.9716e+03  3e+03  7e-14  2e-12
32: -2.7224e+02 -2.9283e+03  3e+03  7e-13  2e-12
33: -1.8924e+02 -2.7853e+03  3e+03  4e-13  2e-12
34: -6.1724e+02 -2.5430e+03  2e+03  2e-13  2e-12
35: -9.4639e+02 -2.2185e+03  1e+03  1e-13  3e-12
36: -9.3412e+02 -2.1985e+03  1e+03  7e-14  3e-12
37: -9.5166e+02 -2.1884e+03  1e+03  4e-14  3e-12
38: -1.3480e+03 -1.7402e+03  4e+02  5e-13  4e-12
39: -1.5194e+03 -1.5421e+03  2e+01  2e-13  4e-12
40: -1.5303e+03 -1.5305e+03  2e-01  1e-13  4e-12
41: -1.5304e+03 -1.5304e+03  2e-03  3e-13  4e-12
42: -1.5304e+03 -1.5304e+03  2e-05  6e-13  4e-12
43: -1.5304e+03 -1.5304e+03  2e-07  1e-14  4e-12
Optimal solution found.
  │  done in 3.6s
  │  #SV=7
  └─ b=-52.9465

  ┌─ OvO [6/6] pair=(class 2 vs class 3)
  │  n_i=2000, n_j=283, total=2283, weight=none
  │  elapsed=16s, ETA=3s
  │  cvxopt QP solving... (silent unless qp_verbose=True)
     pcost       dcost       gap    pres   dres
 0:  6.4722e+10 -1.5072e+15  4e+15  7e-01  3e-08
 1:  2.6690e+11 -5.1043e+14  8e+14  1e-01  1e-05
 2:  2.4860e+11 -1.1414e+14  1e+14  2e-02  1e-06
 3:  1.2519e+10 -1.5835e+13  2e+13  9e-04  9e-08
 4: -2.1688e+08 -1.8097e+11  2e+11  1e-05  2e-08
 5: -2.1923e+08 -4.0493e+09  4e+09  2e-07  2e-08
 6: -2.3359e+08 -2.2008e+09  2e+09  9e-08  2e-08
 7: -2.4850e+08 -1.6224e+09  1e+09  5e-08  2e-08
 8: -2.6888e+08 -1.0072e+09  7e+08  2e-08  2e-08
 9: -2.8878e+08 -8.2823e+08  5e+08  1e-08  2e-08
10: -2.9786e+08 -7.6703e+08  5e+08  2e-08  2e-08
11: -3.1035e+08 -6.7545e+08  4e+08  7e-09  2e-08
12: -3.1985e+08 -6.2717e+08  3e+08  5e-09  2e-08
13: -3.3094e+08 -5.7152e+08  2e+08  1e-08  2e-08
14: -3.4272e+08 -5.3036e+08  2e+08  3e-08  2e-08
15: -3.4929e+08 -5.0783e+08  2e+08  2e-08  2e-08
16: -3.5803e+08 -4.7799e+08  1e+08  2e-09  3e-08
17: -3.6799e+08 -4.5100e+08  8e+07  6e-09  3e-08
18: -3.7261e+08 -4.3856e+08  7e+07  4e-10  3e-08
19: -3.7843e+08 -4.2489e+08  5e+07  8e-09  3e-08
20: -3.8179e+08 -4.1718e+08  4e+07  1e-08  3e-08
21: -3.8468e+08 -4.0991e+08  3e+07  1e-09  3e-08
22: -3.8944e+08 -4.0143e+08  1e+07  7e-09  3e-08
23: -3.9232e+08 -3.9703e+08  5e+06  2e-09  3e-08
24: -3.9356e+08 -3.9515e+08  2e+06  2e-10  3e-08
25: -3.9398e+08 -3.9466e+08  7e+05  4e-09  3e-08
26: -3.9426e+08 -3.9434e+08  8e+04  3e-09  4e-08
27: -3.9430e+08 -3.9430e+08  1e+03  1e-08  4e-08
28: -3.9430e+08 -3.9430e+08  1e+01  1e-09  4e-08
29: -3.9430e+08 -3.9430e+08  1e-01  9e-09  3e-08
30: -3.9430e+08 -3.9430e+08  1e-03  6e-09  3e-08
31: -3.9430e+08 -3.9430e+08  1e-05  2e-08  6e-08
32: -3.9430e+08 -3.9430e+08  1e-07  4e-08  5e-08
33: -3.9430e+08 -3.9430e+08  1e-09  3e-08  2e-08
34: -3.9430e+08 -3.9430e+08  1e-11  9e-10  6e-09
Optimal solution found.
  │  done in 4.0s
  │  #SV=402
  └─ b=+2.8445

  [OvO all done] total fit time = 20.3s (avg 3.4s per pair, K=6 pairs)
  fit done in 20.3s

  train acc: 0.9612
  val   acc: 0.9617

  [val] per-class metrics:
  [val]   Critical Resistance             n=   16  recall=1.0000  precision=1.0000
  [val]   High Internal Resistance        n=  385  recall=1.0000  precision=0.9897
  [val]   None                            n= 2241  recall=0.9656  precision=0.9877
  [val]   Poor Retention                  n=   71  recall=0.6197  precision=0.3761

  [val] confusion (rows=true, cols=pred):
  [val]                          Critical R High Inter       None Poor Reten
  [val]   Critical Resistance            16          0          0          0
  [val]   High Internal Resist            0        385          0          0
  [val]   None                            0          4       2164         73
  [val]   Poor Retention                  0          0         27         44

  model saved to models/linear_hard_ovo.pkl
