[stai-train] variant=linear
             args={'data': 'datasets/ev_battery_qc_train.csv', 'variant': 'linear', 'out': 'models/linear_hard.pkl', 'C': 1.0, 'kernel': 'rbf', 'gamma': 'scale', 'degree': 3, 'coef0': 1.0, 'val_ratio': 0.2, 'seed': 42, 'class_weight': 'none', 'tol': 1e-05, 'max_train_samples': 8000, 'qp_verbose': True}
  loaded 13565 rows × 6 features
  classes (4):
    [0] Critical Resistance             n=81  (0.60%)
    [1] High Internal Resistance        n=1924  (14.18%)
    [2] None                            n=11206  (82.61%)
    [3] Poor Retention                  n=354  (2.61%)
  split: train=10852, val=2713
  subsampled train to 3887 (stratified)

  ┌─ OvR [1/4] class=0
  │  n_pos=65, n_neg=3822, weight=none
  │  elapsed=0s
  │  cvxopt QP solving... (silent unless qp_verbose=True)
     pcost       dcost       gap    pres   dres
 0:  5.7994e+09 -6.7217e+14  1e+15  2e-01  9e-08
 1:  3.5385e+10 -3.0760e+14  6e+14  9e-02  2e-06
 2:  4.3589e+10 -1.3901e+14  3e+14  4e-02  6e-07
 3:  4.1978e+10 -7.9493e+13  1e+14  2e-02  3e-07
 4:  4.7075e+10 -6.0398e+13  1e+14  1e-02  2e-07
 5:  6.1645e+10 -4.7820e+13  9e+13  9e-03  2e-07
 6:  1.1871e+11 -3.1312e+13  6e+13  5e-03  9e-08
 7:  2.0483e+11 -2.5648e+13  5e+13  3e-03  6e-08
 8:  2.7858e+11 -1.7862e+13  3e+13  2e-03  4e-08
 9:  4.2273e+11 -1.2928e+13  2e+13  1e-03  3e-08
10:  5.1394e+11 -4.7934e+12  7e+12  2e-04  2e-08
11:  2.6490e+11 -1.4687e+12  2e+12  4e-05  2e-08
12:  1.8034e+11 -8.9160e+11  1e+12  2e-05  2e-08
13:  1.7240e+11 -8.2355e+11  1e+12  1e-05  1e-08
14:  1.1630e+11 -5.1452e+11  7e+11  6e-06  1e-08
15:  1.1289e+11 -5.0489e+11  6e+11  5e-06  1e-08
16:  1.0163e+11 -4.2387e+11  5e+11  3e-06  1e-08
17:  1.0142e+11 -4.1346e+11  5e+11  3e-06  1e-08
18:  8.9499e+10 -3.8345e+11  5e+11  2e-06  1e-08
19:  4.7011e+10 -1.9993e+11  2e+11  1e-06  1e-08
20:  2.2407e+10 -9.6286e+10  1e+11  3e-07  9e-09
21:  1.0901e+10 -3.9999e+10  5e+10  3e-09  8e-09
22:  1.6987e+09 -2.5425e+09  4e+09  4e-10  4e-09
23:  2.6032e+08 -3.0601e+08  6e+08  2e-10  1e-09
24:  3.7365e+07 -4.1509e+07  8e+07  4e-11  6e-10
25:  5.3538e+06 -5.9312e+06  1e+07  2e-11  2e-10
26:  7.6522e+05 -8.4981e+05  2e+06  6e-12  9e-11
27:  1.0876e+05 -1.2253e+05  2e+05  2e-12  3e-11
28:  1.8513e+04 -2.1953e+04  4e+04  7e-13  1e-11
29:  1.0432e+04 -1.8742e+04  3e+04  4e-13  9e-12
30:  7.6727e+03 -1.5984e+04  2e+04  5e-13  9e-12
31:  7.1690e+03 -1.5371e+04  2e+04  3e-13  7e-12
32:  6.7322e+03 -1.5175e+04  2e+04  3e-13  7e-12
33:  3.8918e+03 -1.1531e+04  2e+04  2e-13  7e-12
34:  2.9626e+03 -1.0015e+04  1e+04  7e-13  6e-12
35:  9.5297e+02 -1.2286e+04  1e+04  9e-13  2e-11
36: -2.7692e+03 -5.6789e+03  3e+03  2e-12  3e-11
37: -4.1420e+03 -4.1870e+03  5e+01  4e-13  4e-11
38: -4.1625e+03 -4.1630e+03  5e-01  3e-12  4e-11
39: -4.1627e+03 -4.1627e+03  5e-03  4e-12  4e-11
40: -4.1627e+03 -4.1627e+03  5e-05  6e-12  4e-11
41: -4.1627e+03 -4.1627e+03  5e-07  5e-12  6e-11
Optimal solution found.
  │  done in 16.4s
  │  SVs: total=7  margin (0<α<C)=7  bound (α=C, 위반)=0
  └─ b=-287.8315

  ┌─ OvR [2/4] class=1
  │  n_pos=1539, n_neg=2348, weight=none
  │  elapsed=16s, ETA=49s
  │  cvxopt QP solving... (silent unless qp_verbose=True)
     pcost       dcost       gap    pres   dres
 0:  2.4349e+11 -3.7216e+15  1e+16  1e+00  2e-07
 1:  8.4328e+11 -1.5307e+15  2e+15  1e-01  1e-05
 2:  9.8134e+11 -4.2295e+14  5e+14  3e-02  2e-06
 3:  2.1562e+11 -1.1088e+14  1e+14  2e-03  2e-07
 4: -3.8104e+08 -1.5417e+12  2e+12  2e-05  1e-07
 5: -4.3614e+08 -1.8619e+10  2e+10  2e-07  1e-07
 6: -4.4740e+08 -2.9028e+09  2e+09  3e-08  1e-07
 7: -4.7936e+08 -2.3810e+09  2e+09  2e-08  9e-08
 8: -5.2658e+08 -1.6817e+09  1e+09  5e-08  9e-08
 9: -5.6267e+08 -1.4191e+09  9e+08  6e-08  9e-08
10: -5.9004e+08 -1.2593e+09  7e+08  6e-08  9e-08
11: -6.1506e+08 -1.1442e+09  5e+08  4e-08  9e-08
12: -6.3795e+08 -1.0566e+09  4e+08  1e-07  9e-08
13: -6.5864e+08 -9.8534e+08  3e+08  7e-08  9e-08
14: -6.7680e+08 -9.3105e+08  3e+08  7e-08  9e-08
15: -6.9369e+08 -8.8450e+08  2e+08  1e-07  9e-08
16: -7.0930e+08 -8.4367e+08  1e+08  1e-07  9e-08
17: -7.1829e+08 -8.2040e+08  1e+08  6e-08  9e-08
18: -7.2713e+08 -7.9978e+08  7e+07  1e-08  9e-08
19: -7.3608e+08 -7.8075e+08  4e+07  4e-08  9e-08
20: -7.4128e+08 -7.7048e+08  3e+07  5e-08  1e-07
21: -7.4520e+08 -7.6333e+08  2e+07  7e-09  9e-08
22: -7.4929e+08 -7.5634e+08  7e+06  2e-09  1e-07
23: -7.5145e+08 -7.5364e+08  2e+06  5e-09  1e-07
24: -7.5228e+08 -7.5272e+08  4e+05  8e-09  1e-07
25: -7.5247e+08 -7.5251e+08  4e+04  3e-08  1e-07
26: -7.5249e+08 -7.5249e+08  6e+02  4e-08  1e-07
27: -7.5249e+08 -7.5249e+08  6e+00  2e-08  1e-07
28: -7.5249e+08 -7.5249e+08  6e-02  1e-08  1e-07
29: -7.5249e+08 -7.5249e+08  6e-04  7e-09  1e-07
30: -7.5249e+08 -7.5249e+08  6e-06  2e-08  3e-07
31: -7.5249e+08 -7.5249e+08  6e-08  5e-09  3e-07
32: -7.5249e+08 -7.5249e+08  6e-10  3e-09  8e-08
33: -7.5249e+08 -7.5249e+08  6e-12  2e-09  2e-08
34: -7.5249e+08 -7.5249e+08  6e-14  9e-10  2e-08
35: -7.5249e+08 -7.5249e+08  6e-16  9e-10  2e-08
36: -7.5249e+08 -7.5249e+08  6e-18  5e-09  2e-08
37: -7.5249e+08 -7.5249e+08  6e-20  2e-09  2e-08
38: -7.5249e+08 -7.5249e+08  6e-22  2e-16  2e-08
39: -7.5249e+08 -7.5249e+08  6e-24  4e-09  2e-08
40: -7.5249e+08 -7.5249e+08  6e-26  2e-09  2e-08
41: -7.5249e+08 -7.5249e+08  6e-28  4e-09  2e-08
42: -7.5249e+08 -7.5249e+08  6e-30  2e-09  2e-08
43: -7.5249e+08 -7.5249e+08  6e-32  2e-16  2e-08
44: -7.5249e+08 -7.5249e+08  6e-34  2e-09  2e-08
45: -7.5249e+08 -7.5249e+08  6e-36  9e-09  2e-08
46: -7.5249e+08 -7.5249e+08  6e-38  9e-09  2e-08
47: -7.5249e+08 -7.5249e+08  6e-40  2e-09  2e-08
48: -7.5249e+08 -7.5249e+08  6e-42  8e-09  2e-08
49: -7.5249e+08 -7.5249e+08  6e-44  3e-09  2e-08
50: -7.5249e+08 -7.5249e+08  6e-46  5e-09  2e-08
51: -7.5249e+08 -7.5249e+08  6e-48  3e-09  2e-08
52: -7.5249e+08 -7.5249e+08  6e-50  4e-09  2e-08
53: -7.5249e+08 -7.5249e+08  6e-52  4e-09  2e-08
54: -7.5249e+08 -7.5249e+08  6e-54  7e-09  2e-08
55: -7.5249e+08 -7.5249e+08  6e-56  9e-09  2e-08
56: -7.5249e+08 -7.5249e+08  6e-58  1e-08  2e-08
57: -7.5249e+08 -7.5249e+08  6e-60  7e-09  2e-08
58: -7.5249e+08 -7.5249e+08  6e-62  9e-10  2e-08
59: -7.5249e+08 -7.5249e+08  6e-64  2e-09  2e-08
60: -7.5249e+08 -7.5249e+08  6e-66  4e-09  2e-08
61: -7.5249e+08 -7.5249e+08  6e-68  8e-09  2e-08
62: -7.5249e+08 -7.5249e+08  6e-70  1e-08  2e-08
63: -7.5249e+08 -7.5249e+08  6e-72  5e-09  2e-08
64: -7.5249e+08 -7.5249e+08  6e-74  9e-10  2e-08
65: -7.5249e+08 -7.5249e+08  6e-76  4e-09  2e-08
66: -7.5249e+08 -7.5249e+08  6e-78  9e-10  2e-08
67: -7.5249e+08 -7.5249e+08  6e-80  6e-09  2e-08
68: -7.5249e+08 -7.5249e+08  6e-82  2e-09  2e-08
69: -7.5249e+08 -7.5249e+08  6e-84  6e-09  2e-08
70: -7.5249e+08 -7.5249e+08  6e-86  9e-09  2e-08
71: -7.5249e+08 -7.5249e+08  6e-88  4e-09  2e-08
72: -7.5249e+08 -7.5249e+08  6e-90  2e-09  2e-08
73: -7.5249e+08 -7.5249e+08  6e-92  2e-16  2e-08
74: -7.5249e+08 -7.5249e+08  6e-94  2e-16  2e-08
75: -7.5249e+08 -7.5249e+08  6e-96  3e-09  2e-08
76: -7.5249e+08 -7.5249e+08  6e-98  2e-16  2e-08
77: -7.5249e+08 -7.5249e+08  6e-100  5e-09  2e-08
78: -7.5249e+08 -7.5249e+08  6e-102  9e-10  2e-08
79: -7.5249e+08 -7.5249e+08  6e-104  7e-09  2e-08
80: -7.5249e+08 -7.5249e+08  6e-106  2e-16  2e-08
81: -7.5249e+08 -7.5249e+08  6e-108  1e-08  2e-08
82: -7.5249e+08 -7.5249e+08  6e-110  2e-09  2e-08
83: -7.5249e+08 -7.5249e+08  6e-112  7e-09  2e-08
84: -7.5249e+08 -7.5249e+08  6e-114  2e-09  2e-08
85: -7.5249e+08 -7.5249e+08  6e-116  6e-09  2e-08
86: -7.5249e+08 -7.5249e+08  6e-118  2e-09  2e-08
87: -7.5249e+08 -7.5249e+08  6e-120  8e-09  2e-08
88: -7.5249e+08 -7.5249e+08  6e-122  2e-09  2e-08
89: -7.5249e+08 -7.5249e+08  6e-124  9e-10  2e-08
90: -7.5249e+08 -7.5249e+08  6e-126  4e-09  2e-08
91: -7.5249e+08 -7.5249e+08  6e-128  6e-09  2e-08
92: -7.5249e+08 -7.5249e+08  6e-130  4e-09  2e-08
93: -7.5249e+08 -7.5249e+08  6e-132  3e-09  2e-08
94: -7.5249e+08 -7.5249e+08  6e-134  6e-09  2e-08
95: -7.5249e+08 -7.5249e+08  6e-136  2e-09  2e-08
96: -7.5249e+08 -7.5249e+08  6e-138  6e-09  2e-08
97: -7.5249e+08 -7.5249e+08  6e-140  4e-09  2e-08
98: -7.5249e+08 -7.5249e+08  6e-142  6e-09  2e-08
99: -7.5249e+08 -7.5249e+08  6e-144  1e-08  2e-08
100: -7.5249e+08 -7.5249e+08  6e-146  8e-09  2e-08
Terminated (maximum number of iterations reached).
  │  done in 37.6s
  │  SVs: total=768  margin (0<α<C)=21  bound (α=C, 위반)=747
  └─ b=-2.8144

  ┌─ OvR [3/4] class=2
  │  n_pos=2000, n_neg=1887, weight=none
  │  elapsed=54s, ETA=54s
  │  cvxopt QP solving... (silent unless qp_verbose=True)
     pcost       dcost       gap    pres   dres
 0:  1.9691e+11 -3.3602e+15  9e+15  9e-01  9e-08
 1:  4.7639e+11 -1.3830e+15  2e+15  1e-01  8e-07
 2:  2.5496e+11 -3.6770e+14  4e+14  2e-02  2e-07
 3:  7.9417e+09 -4.3448e+13  4e+13  4e-08  5e-08
 4: -6.5149e+08 -4.3937e+11  4e+11  1e-08  4e-08
 5: -6.5400e+08 -9.2407e+09  9e+09  1e-07  4e-08
 6: -7.1279e+08 -3.3773e+09  3e+09  3e-08  4e-08
 7: -7.8409e+08 -2.5845e+09  2e+09  1e-07  4e-08
 8: -8.4874e+08 -2.0759e+09  1e+09  6e-08  5e-08
 9: -8.8739e+08 -1.8627e+09  1e+09  7e-08  5e-08
10: -9.3367e+08 -1.6374e+09  7e+08  8e-08  5e-08
11: -9.7079e+08 -1.5023e+09  5e+08  8e-08  5e-08
12: -9.9700e+08 -1.4173e+09  4e+08  5e-08  5e-08
13: -1.0282e+09 -1.3227e+09  3e+08  7e-08  6e-08
14: -1.0413e+09 -1.2872e+09  2e+08  3e-08  6e-08
15: -1.0625e+09 -1.2336e+09  2e+08  5e-08  6e-08
16: -1.0784e+09 -1.1975e+09  1e+08  3e-08  6e-08
17: -1.0905e+09 -1.1698e+09  8e+07  3e-08  6e-08
18: -1.0991e+09 -1.1523e+09  5e+07  4e-08  6e-08
19: -1.1078e+09 -1.1366e+09  3e+07  3e-08  6e-08
20: -1.1131e+09 -1.1278e+09  1e+07  4e-08  6e-08
21: -1.1159e+09 -1.1233e+09  7e+06  3e-08  7e-08
22: -1.1178e+09 -1.1201e+09  2e+06  4e-09  8e-08
23: -1.1188e+09 -1.1190e+09  2e+05  4e-08  8e-08
24: -1.1189e+09 -1.1189e+09  4e+03  3e-08  8e-08
25: -1.1189e+09 -1.1189e+09  8e+01  1e-08  8e-08
26: -1.1189e+09 -1.1189e+09  1e+00  3e-08  8e-08
27: -1.1189e+09 -1.1189e+09  6e-02  5e-09  8e-08
28: -1.1189e+09 -1.1189e+09  4e-03  3e-08  8e-08
29: -1.1189e+09 -1.1189e+09  1e-04  5e-08  2e-07
30: -1.1189e+09 -1.1189e+09  1e-06  2e-08  2e-07
31: -1.1189e+09 -1.1189e+09  1e-08  1e-08  6e-08
32: -1.1189e+09 -1.1189e+09  1e-10  7e-09  1e-08
33: -1.1189e+09 -1.1189e+09  1e-12  9e-10  1e-08
34: -1.1189e+09 -1.1189e+09  1e-14  2e-09  1e-08
35: -1.1189e+09 -1.1189e+09  1e-16  9e-10  1e-08
36: -1.1189e+09 -1.1189e+09  1e-18  9e-10  1e-08
37: -1.1189e+09 -1.1189e+09  1e-20  4e-09  1e-08
38: -1.1189e+09 -1.1189e+09  1e-22  3e-09  1e-08
39: -1.1189e+09 -1.1189e+09  1e-24  2e-09  1e-08
40: -1.1189e+09 -1.1189e+09  1e-26  2e-16  1e-08
41: -1.1189e+09 -1.1189e+09  1e-28  2e-09  1e-08
42: -1.1189e+09 -1.1189e+09  1e-30  2e-09  1e-08
43: -1.1189e+09 -1.1189e+09  1e-32  5e-09  1e-08
44: -1.1189e+09 -1.1189e+09  1e-34  2e-16  1e-08
45: -1.1189e+09 -1.1189e+09  1e-36  4e-09  1e-08
46: -1.1189e+09 -1.1189e+09  1e-38  2e-16  1e-08
47: -1.1189e+09 -1.1189e+09  1e-40  1e-08  1e-08
48: -1.1189e+09 -1.1189e+09  1e-42  1e-08  1e-08
49: -1.1189e+09 -1.1189e+09  1e-44  6e-09  1e-08
50: -1.1189e+09 -1.1189e+09  1e-46  3e-09  1e-08
51: -1.1189e+09 -1.1189e+09  1e-48  9e-10  1e-08
52: -1.1189e+09 -1.1189e+09  1e-50  9e-10  1e-08
53: -1.1189e+09 -1.1189e+09  1e-52  4e-09  1e-08
54: -1.1189e+09 -1.1189e+09  1e-54  2e-16  1e-08
55: -1.1189e+09 -1.1189e+09  1e-56  3e-09  1e-08
56: -1.1189e+09 -1.1189e+09  1e-58  6e-09  1e-08
57: -1.1189e+09 -1.1189e+09  1e-60  9e-09  1e-08
58: -1.1189e+09 -1.1189e+09  1e-62  5e-09  1e-08
59: -1.1189e+09 -1.1189e+09  1e-64  2e-16  1e-08
60: -1.1189e+09 -1.1189e+09  1e-66  6e-09  1e-08
61: -1.1189e+09 -1.1189e+09  1e-68  9e-10  1e-08
62: -1.1189e+09 -1.1189e+09  1e-70  6e-09  1e-08
63: -1.1189e+09 -1.1189e+09  1e-72  7e-09  1e-08
64: -1.1189e+09 -1.1189e+09  1e-74  7e-09  1e-08
65: -1.1189e+09 -1.1189e+09  1e-76  5e-09  1e-08
66: -1.1189e+09 -1.1189e+09  1e-78  2e-09  1e-08
67: -1.1189e+09 -1.1189e+09  1e-80  1e-08  1e-08
68: -1.1189e+09 -1.1189e+09  1e-82  6e-09  1e-08
69: -1.1189e+09 -1.1189e+09  1e-84  6e-09  1e-08
70: -1.1189e+09 -1.1189e+09  1e-86  2e-09  1e-08
71: -1.1189e+09 -1.1189e+09  1e-88  3e-09  1e-08
72: -1.1189e+09 -1.1189e+09  1e-90  3e-09  1e-08
73: -1.1189e+09 -1.1189e+09  1e-92  6e-09  1e-08
74: -1.1189e+09 -1.1189e+09  1e-94  2e-09  1e-08
75: -1.1189e+09 -1.1189e+09  1e-96  2e-09  1e-08
76: -1.1189e+09 -1.1189e+09  1e-98  7e-09  1e-08
77: -1.1189e+09 -1.1189e+09  1e-100  1e-08  1e-08
78: -1.1189e+09 -1.1189e+09  1e-102  8e-09  1e-08
79: -1.1189e+09 -1.1189e+09  1e-104  9e-10  1e-08
80: -1.1189e+09 -1.1189e+09  1e-106  8e-09  1e-08
81: -1.1189e+09 -1.1189e+09  1e-108  1e-08  1e-08
82: -1.1189e+09 -1.1189e+09  1e-110  9e-10  1e-08
83: -1.1189e+09 -1.1189e+09  1e-112  4e-09  1e-08
84: -1.1189e+09 -1.1189e+09  1e-114  4e-09  1e-08
85: -1.1189e+09 -1.1189e+09  1e-116  1e-08  1e-08
86: -1.1189e+09 -1.1189e+09  1e-118  1e-08  1e-08
87: -1.1189e+09 -1.1189e+09  1e-120  2e-09  1e-08
88: -1.1189e+09 -1.1189e+09  1e-122  3e-09  1e-08
89: -1.1189e+09 -1.1189e+09  1e-124  4e-09  1e-08
90: -1.1189e+09 -1.1189e+09  1e-126  4e-09  1e-08
91: -1.1189e+09 -1.1189e+09  1e-128  7e-09  1e-08
92: -1.1189e+09 -1.1189e+09  1e-130  2e-16  1e-08
93: -1.1189e+09 -1.1189e+09  1e-132  2e-09  1e-08
94: -1.1189e+09 -1.1189e+09  1e-134  4e-09  1e-08
95: -1.1189e+09 -1.1189e+09  1e-136  2e-09  1e-08
96: -1.1189e+09 -1.1189e+09  1e-138  6e-09  1e-08
97: -1.1189e+09 -1.1189e+09  1e-140  5e-09  1e-08
98: -1.1189e+09 -1.1189e+09  1e-142  4e-09  1e-08
99: -1.1189e+09 -1.1189e+09  1e-144  2e-09  1e-08
100: -1.1189e+09 -1.1189e+09  1e-146  5e-09  1e-08
Terminated (maximum number of iterations reached).
  │  done in 37.0s
  │  SVs: total=1131  margin (0<α<C)=13  bound (α=C, 위반)=1118
  └─ b=+1.2010

  ┌─ OvR [4/4] class=3
  │  n_pos=283, n_neg=3604, weight=none
  │  elapsed=91s, ETA=30s
  │  cvxopt QP solving... (silent unless qp_verbose=True)
     pcost       dcost       gap    pres   dres
 0:  2.4524e+10 -1.6888e+15  4e+15  5e-01  7e-08
 1:  1.2867e+11 -6.4851e+14  1e+15  1e-01  4e-06
 2:  1.6761e+11 -2.5731e+14  4e+14  4e-02  1e-06
 3:  7.9532e+10 -8.5176e+13  1e+14  7e-03  2e-07
 4:  1.1485e+09 -7.7484e+12  8e+12  1e-04  4e-08
 5: -2.6051e+08 -8.1618e+10  8e+10  1e-06  4e-08
 6: -2.6230e+08 -4.5862e+09  4e+09  8e-08  4e-08
 7: -2.7834e+08 -2.6043e+09  2e+09  3e-08  4e-08
 8: -2.9281e+08 -1.7433e+09  1e+09  2e-08  4e-08
 9: -3.1293e+08 -1.2263e+09  9e+08  5e-08  4e-08
10: -3.2591e+08 -1.1226e+09  8e+08  7e-08  4e-08
11: -3.3659e+08 -1.0514e+09  7e+08  2e-08  4e-08
12: -3.5514e+08 -9.3141e+08  6e+08  4e-09  5e-08
13: -3.6828e+08 -8.5411e+08  5e+08  3e-08  5e-08
14: -3.8100e+08 -7.9037e+08  4e+08  8e-08  5e-08
15: -3.9485e+08 -7.2433e+08  3e+08  4e-08  6e-08
16: -4.0359e+08 -6.9393e+08  3e+08  1e-08  5e-08
17: -4.1566e+08 -6.5300e+08  2e+08  2e-08  5e-08
18: -4.2185e+08 -6.3243e+08  2e+08  9e-09  5e-08
19: -4.2960e+08 -6.0613e+08  2e+08  2e-08  5e-08
20: -4.3657e+08 -5.8374e+08  1e+08  6e-09  5e-08
21: -4.4193e+08 -5.6920e+08  1e+08  5e-08  6e-08
22: -4.4610e+08 -5.5747e+08  1e+08  2e-08  6e-08
23: -4.5044e+08 -5.4584e+08  1e+08  7e-09  5e-08
24: -4.5486e+08 -5.3377e+08  8e+07  4e-08  6e-08
25: -4.5772e+08 -5.2686e+08  7e+07  3e-08  6e-08
26: -4.6210e+08 -5.1574e+08  5e+07  6e-08  6e-08
27: -4.6583e+08 -5.0761e+08  4e+07  2e-08  6e-08
28: -4.7007e+08 -4.9655e+08  3e+07  3e-08  8e-08
29: -4.7334e+08 -4.9229e+08  2e+07  3e-08  7e-08
30: -4.7573e+08 -4.8885e+08  1e+07  2e-09  7e-08
31: -4.7750e+08 -4.8669e+08  9e+06  2e-08  7e-08
32: -4.7805e+08 -4.8582e+08  8e+06  3e-08  6e-08
33: -4.7987e+08 -4.8362e+08  4e+06  6e-09  8e-08
34: -4.8082e+08 -4.8262e+08  2e+06  7e-08  7e-08
35: -4.8115e+08 -4.8225e+08  1e+06  2e-08  7e-08
36: -4.8160e+08 -4.8178e+08  2e+05  2e-08  8e-08
37: -4.8168e+08 -4.8169e+08  4e+03  1e-08  8e-08
38: -4.8169e+08 -4.8169e+08  6e+01  1e-08  8e-08
39: -4.8169e+08 -4.8169e+08  6e-01  2e-08  8e-08
40: -4.8169e+08 -4.8169e+08  6e-03  8e-09  8e-08
41: -4.8169e+08 -4.8169e+08  6e-05  9e-09  8e-08
42: -4.8169e+08 -4.8169e+08  6e-07  9e-08  1e-07
43: -4.8169e+08 -4.8169e+08  6e-09  1e-07  9e-08
44: -4.8169e+08 -4.8169e+08  6e-11  6e-09  9e-09
Optimal solution found.
  │  done in 17.4s
  │  SVs: total=489  margin (0<α<C)=8  bound (α=C, 위반)=481
  └─ b=-2.7300

  [OvR all done] total fit time = 108.4s (avg 27.1s per class)
  fit done in 108.4s

  train acc: 0.9107
  val   acc: 0.9255

  [val] per-class metrics:
  [val]   Critical Resistance             n=   16  recall=0.9375  precision=1.0000
  [val]   High Internal Resistance        n=  385  recall=1.0000  precision=0.7306
  [val]   None                            n= 2241  recall=0.9353  precision=0.9767
  [val]   Poor Retention                  n=   71  recall=0.2113  precision=0.6000

  [val] confusion (rows=true, cols=pred):
  [val]                          Critical R High Inter       None Poor Reten
  [val]   Critical Resistance            15          1          0          0
  [val]   High Internal Resist            0        385          0          0
  [val]   None                            0        135       2096         10
  [val]   Poor Retention                  0          6         50         15

  model saved to models/linear_hard.pkl
