[stai-train] variant=kernel
             args={'data': 'datasets/ev_battery_qc_train.csv', 'variant': 'kernel', 'out': 'models/kernel_rbf_C300_g005.pkl', 'C': 300.0, 'kernel': 'rbf', 'gamma': '0.05', 'degree': 3, 'coef0': 1.0, 'val_ratio': 0.2, 'seed': 42, 'class_weight': 'balanced', 'tol': 1e-05, 'max_train_samples': 0, 'qp_verbose': True}
  loaded 13565 rows × 6 features
  classes (4):
    [0] Critical Resistance             n=81  (0.60%)
    [1] High Internal Resistance        n=1924  (14.18%)
    [2] None                            n=11206  (82.61%)
    [3] Poor Retention                  n=354  (2.61%)
  split: train=10852, val=2713

  ┌─ OvR [1/4] class=0
  │  n_pos=65, n_neg=10787, weight=balanced (w_pos=83.48, w_neg=0.503)
  │  elapsed=0s
  │  cvxopt QP solving... (silent unless qp_verbose=True)
     pcost       dcost       gap    pres   dres
 0:  6.6066e+08 -5.4878e+10  3e+12  4e+00  1e-11
 1:  4.0107e+08 -4.3530e+10  4e+11  4e-01  1e-09
 2:  2.2260e+08 -2.7012e+10  3e+10  8e-03  3e-11
 3:  2.8707e+08 -9.6529e+09  1e+10  3e-03  2e-11
 4:  3.0561e+08 -5.3513e+09  6e+09  1e-03  2e-11
 5:  2.2528e+08 -1.8339e+09  2e+09  3e-04  1e-11
 6:  5.4582e+07 -2.3132e+08  3e+08  3e-05  3e-11
 7:  1.2652e+07 -3.9593e+07  5e+07  3e-06  2e-11
 8:  4.1862e+06 -1.4054e+07  2e+07  5e-07  7e-12
 9:  2.0993e+06 -7.5188e+06  1e+07  2e-07  4e-12
10:  1.2631e+06 -4.7734e+06  6e+06  1e-07  2e-12
11:  1.1434e+06 -4.3817e+06  6e+06  9e-08  2e-12
12:  7.6354e+05 -3.0426e+06  4e+06  5e-08  1e-12
13:  4.3727e+05 -1.7974e+06  2e+06  2e-08  1e-12
14:  2.6884e+05 -1.0896e+06  1e+06  7e-09  8e-13
15:  1.5244e+05 -5.9264e+05  7e+05  1e-10  7e-13
16:  9.0162e+04 -3.6482e+05  5e+05  4e-11  5e-13
17:  5.0441e+04 -2.0116e+05  3e+05  2e-12  4e-13
18:  3.5781e+04 -1.4937e+05  2e+05  9e-13  3e-13
19:  2.6284e+04 -1.0965e+05  1e+05  3e-13  2e-13
20:  8.8055e+03 -3.8570e+04  5e+04  2e-13  3e-13
21:  5.3061e+03 -2.5892e+04  3e+04  9e-14  2e-13
22:  2.9419e+03 -1.7267e+04  2e+04  5e-13  1e-13
23:  1.5791e+03 -1.2208e+04  1e+04  1e-13  1e-13
24: -5.4387e+01 -6.0944e+03  6e+03  1e-12  1e-13
25: -7.8062e+02 -3.5864e+03  3e+03  6e-13  1e-13
26: -8.8352e+02 -3.1831e+03  2e+03  5e-13  1e-13
27: -1.2312e+03 -2.0719e+03  8e+02  1e-12  1e-13
28: -1.2457e+03 -2.0070e+03  8e+02  1e-12  1e-13
29: -1.3470e+03 -1.7233e+03  4e+02  3e-13  1e-13
30: -1.3548e+03 -1.6683e+03  3e+02  2e-13  1e-13
31: -1.3702e+03 -1.6330e+03  3e+02  4e-13  1e-13
32: -1.3888e+03 -1.5907e+03  2e+02  2e-14  1e-13
33: -1.4193e+03 -1.5197e+03  1e+02  2e-14  1e-13
34: -1.4333e+03 -1.4881e+03  5e+01  6e-13  2e-13
35: -1.4495e+03 -1.4568e+03  7e+00  1e-13  1e-13
36: -1.4517e+03 -1.4545e+03  3e+00  4e-13  1e-13
37: -1.4527e+03 -1.4536e+03  1e+00  5e-13  1e-13
38: -1.4531e+03 -1.4531e+03  1e-02  8e-13  1e-13
39: -1.4531e+03 -1.4531e+03  1e-04  6e-13  1e-13
40: -1.4531e+03 -1.4531e+03  1e-06  9e-13  1e-13
Optimal solution found.
  │  done in 159.2s
  │  SVs: total=32  margin (0<α<C)=28  bound (α=C, 위반)=4
  └─ b=-1.4152

  ┌─ OvR [2/4] class=1
  │  n_pos=1539, n_neg=9313, weight=balanced (w_pos=3.53, w_neg=0.583)
  │  elapsed=159s, ETA=478s
  │  cvxopt QP solving... (silent unless qp_verbose=True)
     pcost       dcost       gap    pres   dres
 0:  1.5709e+07 -2.5952e+09  1e+10  1e+00  8e-12
 1:  2.1862e+07 -1.1555e+09  2e+09  8e-02  7e-12
 2:  1.8215e+07 -5.7336e+08  8e+08  4e-02  5e-12
 3:  1.5776e+07 -3.3204e+08  5e+08  2e-02  4e-12
 4:  9.8788e+06 -8.0918e+07  1e+08  4e-03  3e-12
 5:  5.3070e+06 -2.4012e+07  3e+07  5e-04  2e-12
 6:  1.8404e+06 -7.3309e+06  9e+06  1e-04  2e-12
 7:  1.2964e+06 -5.2349e+06  7e+06  5e-05  1e-12
 8:  6.5211e+05 -2.7182e+06  3e+06  2e-05  1e-12
 9:  4.4232e+05 -1.8676e+06  2e+06  1e-05  1e-12
10:  2.1309e+05 -8.7308e+05  1e+06  1e-06  1e-12
11:  1.5978e+05 -6.8054e+05  8e+05  7e-07  1e-12
12:  7.3007e+04 -3.4496e+05  4e+05  3e-07  2e-12
13:  5.6604e+04 -2.8464e+05  3e+05  2e-07  2e-12
14:  2.3729e+04 -1.5588e+05  2e+05  9e-08  2e-12
15:  1.7616e+04 -1.3262e+05  2e+05  6e-08  2e-12
16:  1.2072e+04 -1.1266e+05  1e+05  4e-08  2e-12
17:  6.9083e+03 -9.6374e+04  1e+05  3e-08  2e-12
18:  2.3840e+03 -7.8879e+04  8e+04  2e-08  2e-12
19:  2.1702e+02 -7.2255e+04  7e+04  1e-08  2e-12
20: -2.3652e+03 -6.4674e+04  6e+04  9e-09  2e-12
21: -4.2396e+03 -5.8558e+04  5e+04  6e-09  2e-12
22: -7.7908e+03 -4.7716e+04  4e+04  3e-09  2e-12
23: -8.9091e+03 -4.5411e+04  4e+04  2e-09  2e-12
24: -9.4576e+03 -4.3053e+04  3e+04  2e-09  3e-12
25: -1.1603e+04 -3.7992e+04  3e+04  9e-10  3e-12
26: -1.1743e+04 -3.7866e+04  3e+04  8e-10  3e-12
27: -1.3398e+04 -3.4554e+04  2e+04  6e-10  3e-12
28: -1.4538e+04 -3.1166e+04  2e+04  1e-10  3e-12
29: -1.5325e+04 -2.9531e+04  1e+04  5e-11  3e-12
30: -1.6574e+04 -2.7585e+04  1e+04  4e-11  3e-12
31: -1.7083e+04 -2.6603e+04  1e+04  2e-11  3e-12
32: -1.7141e+04 -2.6392e+04  9e+03  2e-11  3e-12
33: -1.8851e+04 -2.3984e+04  5e+03  8e-12  3e-12
34: -1.9120e+04 -2.3524e+04  4e+03  5e-12  3e-12
35: -1.9379e+04 -2.2892e+04  4e+03  7e-12  4e-12
36: -1.9843e+04 -2.2347e+04  3e+03  5e-12  3e-12
37: -1.9897e+04 -2.2299e+04  2e+03  2e-13  3e-12
38: -2.0605e+04 -2.1486e+04  9e+02  1e-12  3e-12
39: -2.0924e+04 -2.1118e+04  2e+02  6e-12  4e-12
40: -2.1010e+04 -2.1028e+04  2e+01  4e-12  4e-12
41: -2.1018e+04 -2.1020e+04  2e+00  3e-12  4e-12
42: -2.1019e+04 -2.1019e+04  6e-02  6e-12  4e-12
43: -2.1019e+04 -2.1019e+04  1e-03  7e-12  4e-12
44: -2.1019e+04 -2.1019e+04  1e-05  6e-12  4e-12
Optimal solution found.
  │  done in 168.8s
  │  SVs: total=177  margin (0<α<C)=95  bound (α=C, 위반)=82
  └─ b=-2.2928

  ┌─ OvR [3/4] class=2
  │  n_pos=8965, n_neg=1887, weight=balanced (w_pos=0.61, w_neg=2.875)
  │  elapsed=328s, ETA=328s
  │  cvxopt QP solving... (silent unless qp_verbose=True)
     pcost       dcost       gap    pres   dres
 0:  1.2018e+07 -2.2327e+09  8e+09  9e-01  8e-12
 1:  1.8112e+07 -9.3122e+08  1e+09  1e-01  9e-12
 2:  1.6661e+07 -3.8302e+08  5e+08  4e-02  7e-12
 3:  1.0830e+07 -1.1195e+08  1e+08  9e-03  7e-12
 4:  5.5733e+06 -4.7142e+07  6e+07  2e-03  8e-12
 5:  3.5595e+06 -3.0246e+07  4e+07  1e-03  7e-12
 6:  1.8678e+06 -1.6210e+07  2e+07  4e-04  8e-12
 7:  1.1670e+06 -1.0814e+07  1e+07  2e-04  7e-12
 8:  8.4878e+05 -7.5780e+06  8e+06  5e-05  8e-12
 9:  3.7015e+05 -3.9314e+06  4e+06  2e-05  7e-12
10:  1.5333e+05 -2.3698e+06  3e+06  7e-06  7e-12
11:  7.9400e+04 -1.8323e+06  2e+06  4e-06  6e-12
12: -3.0181e+04 -1.0209e+06  1e+06  2e-06  6e-12
13: -6.8027e+04 -7.8978e+05  7e+05  9e-07  6e-12
14: -1.0521e+05 -5.8076e+05  5e+05  5e-07  6e-12
15: -1.2955e+05 -4.6667e+05  3e+05  3e-07  7e-12
16: -1.4192e+05 -4.1560e+05  3e+05  2e-07  7e-12
17: -1.5553e+05 -3.6129e+05  2e+05  1e-07  7e-12
18: -1.6328e+05 -3.3310e+05  2e+05  9e-08  7e-12
19: -1.7262e+05 -3.0157e+05  1e+05  6e-08  7e-12
20: -1.7894e+05 -2.7913e+05  1e+05  3e-08  8e-12
21: -1.8557e+05 -2.6020e+05  7e+04  2e-08  8e-12
22: -1.8960e+05 -2.4887e+05  6e+04  1e-08  8e-12
23: -1.9340e+05 -2.3837e+05  4e+04  9e-09  8e-12
24: -1.9502e+05 -2.3425e+05  4e+04  7e-09  8e-12
25: -1.9931e+05 -2.2446e+05  3e+04  3e-09  9e-12
26: -2.0056e+05 -2.2139e+05  2e+04  2e-09  9e-12
27: -2.0365e+05 -2.1558e+05  1e+04  7e-10  9e-12
28: -2.0584e+05 -2.1174e+05  6e+03  6e-11  1e-11
29: -2.0657e+05 -2.1078e+05  4e+03  3e-11  9e-12
30: -2.0801e+05 -2.0905e+05  1e+03  4e-11  1e-11
31: -2.0839e+05 -2.0859e+05  2e+02  3e-11  1e-11
32: -2.0848e+05 -2.0849e+05  1e+01  2e-11  1e-11
33: -2.0849e+05 -2.0849e+05  3e-01  9e-12  1e-11
34: -2.0849e+05 -2.0849e+05  4e-03  9e-14  1e-11
35: -2.0849e+05 -2.0849e+05  4e-05  2e-13  1e-11
Optimal solution found.
  │  done in 135.7s
  │  SVs: total=874  margin (0<α<C)=155  bound (α=C, 위반)=719
  └─ b=-4.4717

  ┌─ OvR [4/4] class=3
  │  n_pos=283, n_neg=10569, weight=balanced (w_pos=19.17, w_neg=0.513)
  │  elapsed=464s, ETA=155s
  │  cvxopt QP solving... (silent unless qp_verbose=True)
     pcost       dcost       gap    pres   dres
 0:  1.1047e+08 -1.2940e+10  2e+11  3e+00  3e-11
 1:  1.0132e+08 -8.7063e+09  3e+10  3e-01  2e-10
 2:  1.2082e+08 -5.5986e+09  1e+10  1e-01  7e-11
 3:  1.5436e+08 -4.1466e+09  8e+09  6e-02  4e-11
 4:  1.6628e+08 -2.2704e+09  4e+09  3e-02  3e-11
 5:  1.0655e+08 -6.8715e+08  1e+09  6e-03  2e-11
 6:  5.2191e+07 -3.0078e+08  4e+08  9e-12  2e-11
 7:  2.6843e+07 -1.6728e+08  2e+08  2e-11  2e-11
 8:  1.7076e+07 -1.1180e+08  1e+08  2e-11  2e-11
 9:  1.4672e+07 -9.7332e+07  1e+08  1e-12  2e-11
10:  9.1801e+06 -6.5082e+07  7e+07  1e-11  1e-11
11:  8.6531e+06 -5.9985e+07  7e+07  4e-12  1e-11
12:  3.8053e+06 -2.8092e+07  3e+07  2e-12  1e-11
13:  3.6218e+06 -2.7363e+07  3e+07  1e-11  1e-11
14:  1.5749e+06 -1.3025e+07  1e+07  2e-12  1e-11
15:  1.1506e+06 -1.0017e+07  1e+07  1e-11  1e-11
16:  7.4571e+05 -6.5471e+06  7e+06  4e-12  1e-11
17:  2.6080e+05 -2.9071e+06  3e+06  4e-11  1e-11
18:  1.6788e+05 -2.3321e+06  2e+06  6e-12  1e-11
19:  3.5666e+04 -1.3998e+06  1e+06  8e-12  1e-11
20: -2.8541e+04 -1.0106e+06  1e+06  3e-11  1e-11
21: -7.6411e+04 -7.3367e+05  7e+05  4e-11  1e-11
22: -1.0346e+05 -6.0068e+05  5e+05  1e-11  1e-11
23: -1.2151e+05 -5.1575e+05  4e+05  3e-12  1e-11
24: -1.3806e+05 -4.3874e+05  3e+05  1e-12  1e-11
25: -1.5308e+05 -3.7459e+05  2e+05  1e-11  1e-11
26: -1.6579e+05 -3.2573e+05  2e+05  1e-11  1e-11
27: -1.7383e+05 -2.9904e+05  1e+05  3e-12  2e-11
28: -1.8066e+05 -2.7839e+05  1e+05  1e-11  2e-11
29: -1.8496e+05 -2.6472e+05  8e+04  3e-12  2e-11
30: -1.8905e+05 -2.5204e+05  6e+04  8e-12  2e-11
31: -1.9128e+05 -2.4489e+05  5e+04  1e-12  2e-11
32: -1.9528e+05 -2.3481e+05  4e+04  1e-11  2e-11
33: -1.9853e+05 -2.2656e+05  3e+04  4e-12  2e-11
34: -2.0094e+05 -2.2173e+05  2e+04  1e-11  2e-11
35: -2.0211e+05 -2.1875e+05  2e+04  9e-12  2e-11
36: -2.0504e+05 -2.1323e+05  8e+03  5e-12  2e-11
37: -2.0640e+05 -2.1109e+05  5e+03  3e-11  2e-11
38: -2.0762e+05 -2.0947e+05  2e+03  8e-12  2e-11
39: -2.0815e+05 -2.0883e+05  7e+02  3e-12  2e-11
40: -2.0843e+05 -2.0853e+05  9e+01  2e-12  2e-11
41: -2.0848e+05 -2.0848e+05  6e+00  2e-11  2e-11
42: -2.0848e+05 -2.0848e+05  1e-01  2e-13  2e-11
43: -2.0848e+05 -2.0848e+05  1e-03  2e-12  2e-11
Optimal solution found.
  │  done in 163.6s
  │  SVs: total=873  margin (0<α<C)=137  bound (α=C, 위반)=736
  └─ b=-16.8558

  [OvR all done] total fit time = 627.2s (avg 156.8s per class)
  fit done in 627.2s

  train acc: 0.9702
  val   acc: 0.9565

  [val] per-class metrics:
  [val]   Critical Resistance             n=   16  recall=0.8125  precision=1.0000
  [val]   High Internal Resistance        n=  385  recall=0.9974  precision=0.9505
  [val]   None                            n= 2241  recall=0.9545  precision=0.9949
  [val]   Poor Retention                  n=   71  recall=0.8310  precision=0.4041

  [val] confusion (rows=true, cols=pred):
  [val]                          Critical R High Inter       None Poor Reten
  [val]   Critical Resistance            13          3          0          0
  [val]   High Internal Resist            0        384          0          1
  [val]   None                            0         16       2139         86
  [val]   Poor Retention                  0          1         11         59

  model saved to models/kernel_rbf_C300_g005.pkl
